SF:/Volumes/coding/personal/rusty-biscuit/biscuit-hash/lib/src/xx.rs
FN:289,_RNvNtNtCsbocHbsJiRky_12biscuit_hash2xx5testss_18test_xx_hash_bytes
FN:283,_RNvNtNtCsbocHbsJiRky_12biscuit_hash2xx5testss_25test_xx_hash_empty_string
FN:272,_RNvNtNtCsbocHbsJiRky_12biscuit_hash2xx5testss_26test_xx_hash_deterministic
FN:278,_RNvNtNtCsbocHbsJiRky_12biscuit_hash2xx5testss_30test_xx_hash_different_content
FN:362,_RNvNtNtCsbocHbsJiRky_12biscuit_hash2xx5testss_31test_xx_hash_variant_blank_line
FN:498,_RNvNtNtCsbocHbsJiRky_12biscuit_hash2xx5testss_31test_xx_hash_variant_drop_chars
FN:304,_RNvNtNtCsbocHbsJiRky_12biscuit_hash2xx5testss_33test_xx_hash_variant_empty_string
FN:592,_RNvNtNtCsbocHbsJiRky_12biscuit_hash2xx5testss_34test_xx_hash_variant_deterministic
FN:315,_RNvNtNtCsbocHbsJiRky_12biscuit_hash2xx5testss_35test_xx_hash_variant_block_trimming
FN:468,_RNvNtNtCsbocHbsJiRky_12biscuit_hash2xx5testss_36test_xx_hash_variant_replacement_map
FN:408,_RNvNtNtCsbocHbsJiRky_12biscuit_hash2xx5testss_39test_xx_hash_variant_leading_whitespace
FN:543,_RNvNtNtCsbocHbsJiRky_12biscuit_hash2xx5testss_39test_xx_hash_variant_order_independence
FN:506,_RNvNtNtCsbocHbsJiRky_12biscuit_hash2xx5testss_40test_xx_hash_variant_drop_chars_multiple
FN:446,_RNvNtNtCsbocHbsJiRky_12biscuit_hash2xx5testss_40test_xx_hash_variant_interior_whitespace
FN:427,_RNvNtNtCsbocHbsJiRky_12biscuit_hash2xx5testss_40test_xx_hash_variant_trailing_whitespace
FN:516,_RNvNtNtCsbocHbsJiRky_12biscuit_hash2xx5testss_41test_xx_hash_variant_semantic_combination
FN:572,_RNvNtNtCsbocHbsJiRky_12biscuit_hash2xx5testss_44test_xx_hash_variant_all_whitespace_variants
FN:458,_RNvNtNtCsbocHbsJiRky_12biscuit_hash2xx5testss_45test_xx_hash_variant_interior_whitespace_tabs
FN:480,_RNvNtNtCsbocHbsJiRky_12biscuit_hash2xx5testss_45test_xx_hash_variant_replacement_map_multiple
FN:374,_RNvNtNtCsbocHbsJiRky_12biscuit_hash2xx5testss_47test_xx_hash_variant_blank_line_only_whitespace
FN:340,_RNvNtNtCsbocHbsJiRky_12biscuit_hash2xx5testss_48test_xx_hash_variant_block_trimming_matches_trim
FN:298,_RNvNtNtCsbocHbsJiRky_12biscuit_hash2xx5testss_50test_xx_hash_variant_empty_variants_equals_xx_hash
FN:383,_RNvNtNtCsbocHbsJiRky_12biscuit_hash2xx5testss_51test_xx_hash_variant_blank_line_removes_empty_lines
FN:331,_RNvNtNtCsbocHbsJiRky_12biscuit_hash2xx5testss_54test_xx_hash_variant_block_trimming_preserves_internal
FN:416,_RNvNtNtCsbocHbsJiRky_12biscuit_hash2xx5testss_58test_xx_hash_variant_leading_whitespace_preserves_trailing
FN:435,_RNvNtNtCsbocHbsJiRky_12biscuit_hash2xx5testss_58test_xx_hash_variant_trailing_whitespace_preserves_leading
FN:153,_RNCNvNtCsbocHbsJiRky_12biscuit_hash2xx15xx_hash_variant0B5_
FN:157,_RNCNvNtCsbocHbsJiRky_12biscuit_hash2xx15xx_hash_variants0_0B5_
FN:160,_RNCNvNtCsbocHbsJiRky_12biscuit_hash2xx15xx_hash_variants1_0B5_
FN:163,_RNCNvNtCsbocHbsJiRky_12biscuit_hash2xx15xx_hash_variants2_0B5_
FN:168,_RNCNvNtCsbocHbsJiRky_12biscuit_hash2xx15xx_hash_variants3_0B5_
FN:179,_RNCNvNtCsbocHbsJiRky_12biscuit_hash2xx15xx_hash_variants4_0B5_
FN:202,_RNCNvNtCsbocHbsJiRky_12biscuit_hash2xx15xx_hash_variants5_0B5_
FN:241,_RNCNvNtCsbocHbsJiRky_12biscuit_hash2xx15xx_hash_variants6_0B5_
FN:154,_RNCNvNtCsbocHbsJiRky_12biscuit_hash2xx15xx_hash_variants_0B5_
FN:104,_RNvNtCsbocHbsJiRky_12biscuit_hash2xx13xx_hash_bytesB3_
FN:145,_RNvNtCsbocHbsJiRky_12biscuit_hash2xx15xx_hash_variant
FN:248,_RNvNtCsbocHbsJiRky_12biscuit_hash2xx28collapse_interior_whitespace
FN:87,_RNvNtCsbocHbsJiRky_12biscuit_hash2xx7xx_hashB3_
FNDA:1,_RNvNtNtCsbocHbsJiRky_12biscuit_hash2xx5testss_18test_xx_hash_bytes
FNDA:1,_RNvNtNtCsbocHbsJiRky_12biscuit_hash2xx5testss_25test_xx_hash_empty_string
FNDA:1,_RNvNtNtCsbocHbsJiRky_12biscuit_hash2xx5testss_26test_xx_hash_deterministic
FNDA:1,_RNvNtNtCsbocHbsJiRky_12biscuit_hash2xx5testss_30test_xx_hash_different_content
FNDA:1,_RNvNtNtCsbocHbsJiRky_12biscuit_hash2xx5testss_31test_xx_hash_variant_blank_line
FNDA:1,_RNvNtNtCsbocHbsJiRky_12biscuit_hash2xx5testss_31test_xx_hash_variant_drop_chars
FNDA:1,_RNvNtNtCsbocHbsJiRky_12biscuit_hash2xx5testss_33test_xx_hash_variant_empty_string
FNDA:1,_RNvNtNtCsbocHbsJiRky_12biscuit_hash2xx5testss_34test_xx_hash_variant_deterministic
FNDA:1,_RNvNtNtCsbocHbsJiRky_12biscuit_hash2xx5testss_35test_xx_hash_variant_block_trimming
FNDA:1,_RNvNtNtCsbocHbsJiRky_12biscuit_hash2xx5testss_36test_xx_hash_variant_replacement_map
FNDA:1,_RNvNtNtCsbocHbsJiRky_12biscuit_hash2xx5testss_39test_xx_hash_variant_leading_whitespace
FNDA:1,_RNvNtNtCsbocHbsJiRky_12biscuit_hash2xx5testss_39test_xx_hash_variant_order_independence
FNDA:1,_RNvNtNtCsbocHbsJiRky_12biscuit_hash2xx5testss_40test_xx_hash_variant_drop_chars_multiple
FNDA:1,_RNvNtNtCsbocHbsJiRky_12biscuit_hash2xx5testss_40test_xx_hash_variant_interior_whitespace
FNDA:1,_RNvNtNtCsbocHbsJiRky_12biscuit_hash2xx5testss_40test_xx_hash_variant_trailing_whitespace
FNDA:1,_RNvNtNtCsbocHbsJiRky_12biscuit_hash2xx5testss_41test_xx_hash_variant_semantic_combination
FNDA:1,_RNvNtNtCsbocHbsJiRky_12biscuit_hash2xx5testss_44test_xx_hash_variant_all_whitespace_variants
FNDA:1,_RNvNtNtCsbocHbsJiRky_12biscuit_hash2xx5testss_45test_xx_hash_variant_interior_whitespace_tabs
FNDA:1,_RNvNtNtCsbocHbsJiRky_12biscuit_hash2xx5testss_45test_xx_hash_variant_replacement_map_multiple
FNDA:1,_RNvNtNtCsbocHbsJiRky_12biscuit_hash2xx5testss_47test_xx_hash_variant_blank_line_only_whitespace
FNDA:1,_RNvNtNtCsbocHbsJiRky_12biscuit_hash2xx5testss_48test_xx_hash_variant_block_trimming_matches_trim
FNDA:1,_RNvNtNtCsbocHbsJiRky_12biscuit_hash2xx5testss_50test_xx_hash_variant_empty_variants_equals_xx_hash
FNDA:1,_RNvNtNtCsbocHbsJiRky_12biscuit_hash2xx5testss_51test_xx_hash_variant_blank_line_removes_empty_lines
FNDA:1,_RNvNtNtCsbocHbsJiRky_12biscuit_hash2xx5testss_54test_xx_hash_variant_block_trimming_preserves_internal
FNDA:1,_RNvNtNtCsbocHbsJiRky_12biscuit_hash2xx5testss_58test_xx_hash_variant_leading_whitespace_preserves_trailing
FNDA:1,_RNvNtNtCsbocHbsJiRky_12biscuit_hash2xx5testss_58test_xx_hash_variant_trailing_whitespace_preserves_leading
FNDA:65,_RNCNvNtCsbocHbsJiRky_12biscuit_hash2xx15xx_hash_variant0B5_
FNDA:61,_RNCNvNtCsbocHbsJiRky_12biscuit_hash2xx15xx_hash_variants0_0B5_
FNDA:69,_RNCNvNtCsbocHbsJiRky_12biscuit_hash2xx15xx_hash_variants1_0B5_
FNDA:74,_RNCNvNtCsbocHbsJiRky_12biscuit_hash2xx15xx_hash_variants2_0B5_
FNDA:74,_RNCNvNtCsbocHbsJiRky_12biscuit_hash2xx15xx_hash_variants3_0B5_
FNDA:74,_RNCNvNtCsbocHbsJiRky_12biscuit_hash2xx15xx_hash_variants4_0B5_
FNDA:83,_RNCNvNtCsbocHbsJiRky_12biscuit_hash2xx15xx_hash_variants5_0B5_
FNDA:11,_RNCNvNtCsbocHbsJiRky_12biscuit_hash2xx15xx_hash_variants6_0B5_
FNDA:68,_RNCNvNtCsbocHbsJiRky_12biscuit_hash2xx15xx_hash_variants_0B5_
FNDA:3,_RNvNtCsbocHbsJiRky_12biscuit_hash2xx13xx_hash_bytesB3_
FNDA:56,_RNvNtCsbocHbsJiRky_12biscuit_hash2xx15xx_hash_variant
FNDA:9,_RNvNtCsbocHbsJiRky_12biscuit_hash2xx28collapse_interior_whitespace
FNDA:30,_RNvNtCsbocHbsJiRky_12biscuit_hash2xx7xx_hashB3_
FNF:39
FNH:39
DA:87,30
DA:88,30
DA:89,30
DA:104,3
DA:105,3
DA:106,3
DA:145,56
DA:146,56
DA:147,2
DA:148,54
DA:151,54
DA:152,54
DA:153,65
DA:154,68
DA:155,54
DA:156,54
DA:157,61
DA:158,54
DA:159,54
DA:160,69
DA:161,54
DA:162,54
DA:163,74
DA:166,54
DA:167,54
DA:168,74
DA:169,74
DA:170,2
DA:172,72
DA:174,74
DA:175,54
DA:177,54
DA:178,54
DA:179,74
DA:180,74
DA:181,2
DA:183,72
DA:185,74
DA:186,54
DA:187,54
DA:188,54
DA:191,54
DA:194,54
DA:195,16
DA:196,38
DA:199,54
DA:200,40
DA:201,40
DA:202,83
DA:203,83
DA:206,83
DA:207,29
DA:208,54
DA:211,83
DA:212,20
DA:213,63
DA:216,83
DA:217,9
DA:218,74
DA:221,83
DA:222,20
DA:224,63
DA:226,83
DA:227,40
DA:229,40
DA:230,14
DA:233,54
DA:234,4
DA:235,4
DA:236,4
DA:240,54
DA:241,11
DA:242,52
DA:244,54
DA:245,56
DA:248,9
DA:249,9
DA:250,9
DA:252,69
DA:253,69
DA:254,13
DA:255,8
DA:256,8
DA:257,8
DA:258,56
DA:259,56
DA:260,56
DA:261,56
DA:264,9
DA:265,9
DA:272,1
DA:273,1
DA:274,1
DA:275,1
DA:278,1
DA:279,1
DA:280,1
DA:283,1
DA:284,1
DA:285,1
DA:286,1
DA:289,1
DA:290,1
DA:291,1
DA:292,1
DA:293,1
DA:298,1
DA:299,1
DA:300,1
DA:301,1
DA:304,1
DA:305,1
DA:306,1
DA:307,1
DA:308,1
DA:310,1
DA:315,1
DA:316,1
DA:317,1
DA:318,1
DA:320,1
DA:321,1
DA:322,1
DA:324,1
DA:325,1
DA:326,1
DA:328,1
DA:331,1
DA:333,1
DA:334,1
DA:335,1
DA:337,1
DA:340,1
DA:342,1
DA:343,1
DA:344,1
DA:345,1
DA:346,1
DA:347,1
DA:349,5
DA:350,5
DA:351,5
DA:352,5
DA:357,1
DA:362,1
DA:363,1
DA:364,1
DA:365,1
DA:367,1
DA:368,1
DA:369,1
DA:371,1
DA:374,1
DA:376,1
DA:377,1
DA:378,1
DA:380,1
DA:383,1
DA:385,1
DA:386,1
DA:387,1
DA:388,1
DA:389,1
DA:390,1
DA:391,1
DA:392,1
DA:393,1
DA:395,5
DA:396,5
DA:397,5
DA:398,5
DA:403,1
DA:408,1
DA:409,1
DA:410,1
DA:411,1
DA:413,1
DA:416,1
DA:418,1
DA:419,1
DA:420,1
DA:422,1
DA:427,1
DA:428,1
DA:429,1
DA:430,1
DA:432,1
DA:435,1
DA:437,1
DA:438,1
DA:439,1
DA:441,1
DA:446,1
DA:447,1
DA:448,1
DA:449,1
DA:451,1
DA:452,1
DA:453,1
DA:455,1
DA:458,1
DA:459,1
DA:460,1
DA:461,1
DA:463,1
DA:468,1
DA:470,1
DA:471,1
DA:473,1
DA:474,1
DA:475,1
DA:477,1
DA:480,1
DA:482,1
DA:483,1
DA:484,1
DA:485,1
DA:488,1
DA:489,1
DA:490,1
DA:491,1
DA:493,1
DA:498,1
DA:499,1
DA:500,1
DA:501,1
DA:503,1
DA:506,1
DA:507,1
DA:508,1
DA:509,1
DA:511,1
DA:516,1
DA:519,1
DA:520,1
DA:521,1
DA:522,1
DA:523,1
DA:525,4
DA:526,4
DA:527,4
DA:528,4
DA:529,4
DA:530,4
DA:531,4
DA:532,4
DA:535,4
DA:540,1
DA:543,1
DA:545,1
DA:547,1
DA:548,1
DA:549,1
DA:550,1
DA:552,1
DA:553,1
DA:554,1
DA:555,1
DA:557,1
DA:558,1
DA:559,1
DA:560,1
DA:563,1
DA:564,1
DA:565,1
DA:567,1
DA:568,1
DA:569,1
DA:572,1
DA:573,1
DA:576,1
DA:577,1
DA:578,1
DA:579,1
DA:580,1
DA:581,1
DA:582,1
DA:583,1
DA:588,1
DA:589,1
DA:592,1
DA:593,1
DA:594,1
DA:597,1
DA:598,1
DA:599,1
DA:601,1
BRF:0
BRH:0
LF:296
LH:296
end_of_record