SF:/Volumes/coding/personal/rusty-biscuit/biscuit-hash/cli/src/main.rs
FN:126,_RNCNvCsb1eSpuz9GDa_2bh11get_content0B3_
FN:156,_RNCNvCsb1eSpuz9GDa_2bh15read_from_stdin0B3_
FN:122,_RNvCsb1eSpuz9GDa_2bh11get_content
FN:151,_RNvCsb1eSpuz9GDa_2bh15read_from_stdin
FN:171,_RNvCsb1eSpuz9GDa_2bh20generate_completions
FN:78,_RNvCsb1eSpuz9GDa_2bh4main
FN:126,_RNCNvCs5viHGiGamKq_2bh11get_content0B3_
FN:156,_RNCNvCs5viHGiGamKq_2bh15read_from_stdin0B3_
FN:122,_RNvCs5viHGiGamKq_2bh11get_content
FN:151,_RNvCs5viHGiGamKq_2bh15read_from_stdin
FN:171,_RNvCs5viHGiGamKq_2bh20generate_completions
FN:78,_RNvCs5viHGiGamKq_2bh4main
FNDA:1,_RNCNvCsb1eSpuz9GDa_2bh11get_content0B3_
FNDA:0,_RNCNvCsb1eSpuz9GDa_2bh15read_from_stdin0B3_
FNDA:18,_RNvCsb1eSpuz9GDa_2bh11get_content
FNDA:3,_RNvCsb1eSpuz9GDa_2bh15read_from_stdin
FNDA:4,_RNvCsb1eSpuz9GDa_2bh20generate_completions
FNDA:27,_RNvCsb1eSpuz9GDa_2bh4main
FNDA:0,_RNCNvCs5viHGiGamKq_2bh11get_content0B3_
FNDA:0,_RNCNvCs5viHGiGamKq_2bh15read_from_stdin0B3_
FNDA:0,_RNvCs5viHGiGamKq_2bh11get_content
FNDA:0,_RNvCs5viHGiGamKq_2bh15read_from_stdin
FNDA:0,_RNvCs5viHGiGamKq_2bh20generate_completions
FNDA:0,_RNvCs5viHGiGamKq_2bh4main
FNF:6
FNH:5
DA:78,27
DA:80,27
DA:81,4
DA:82,4
DA:83,23
DA:85,23
DA:88,23
DA:89,0
DA:90,0
DA:91,0
DA:92,23
DA:95,23
DA:96,16
DA:97,7
DA:98,7
DA:99,7
DA:104,16
DA:105,5
DA:106,5
DA:107,0
DA:108,0
DA:109,0
DA:112,11
DA:113,3
DA:115,8
DA:118,16
DA:119,20
DA:122,18
DA:124,18
DA:125,4
DA:126,4
DA:127,14
DA:130,14
DA:131,13
DA:133,2
DA:135,11
DA:138,1
DA:139,1
DA:141,0
DA:142,0
DA:143,0
DA:144,0
DA:148,18
DA:151,3
DA:152,3
DA:153,3
DA:155,3
DA:156,2
DA:157,2
DA:158,0
DA:159,2
DA:160,2
DA:163,3
DA:164,1
DA:165,2
DA:167,2
DA:168,3
DA:171,4
DA:172,4
DA:173,4
DA:174,3
DA:175,2
DA:176,1
DA:177,1
DA:179,1
DA:182,1
DA:186,3
DA:187,3
BRF:0
BRH:0
LF:70
LH:58
end_of_record