<?xml version="1.0" encoding="UTF-8"?>
<testsuites name="nextest-run" tests="1419" failures="0" errors="0" uuid="1f4b844c-9bca-4c51-93bf-525604041225" timestamp="2026-09-08T17:10:02.282-07:00" time="7.703">
    <testsuite name="sniff" tests="1419" disabled="0" errors="0" failures="0">
        <testcase name="error::tests::test_remote_bash_consent_required_display" classname="sniff" timestamp="2026-09-08T17:10:02.282-07:00" time="0.020">
        </testcase>
        <testcase name="error::tests::test_rate_limited_display_without_retry" classname="sniff" timestamp="2026-09-08T17:10:02.282-07:00" time="0.021">
        </testcase>
        <testcase name="error::tests::test_invalid_credentials_display" classname="sniff" timestamp="2026-09-08T17:10:02.282-07:00" time="0.022">
        </testcase>
        <testcase name="error::tests::test_rate_limited_display_with_retry" classname="sniff" timestamp="2026-09-08T17:10:02.282-07:00" time="0.023">
        </testcase>
        <testcase name="error::tests::test_shorthand_not_found_display" classname="sniff" timestamp="2026-09-08T17:10:02.282-07:00" time="0.023">
        </testcase>
        <testcase name="error::tests::test_installation_error_display" classname="sniff" timestamp="2026-09-08T17:10:02.283-07:00" time="0.022">
        </testcase>
        <testcase name="error::tests::test_missing_package_manager_display" classname="sniff" timestamp="2026-09-08T17:10:02.283-07:00" time="0.023">
        </testcase>
        <testcase name="credentials::tests::host_bound_variables_preserve_exact_provider_and_host_identity" classname="sniff" timestamp="2026-09-08T17:10:02.282-07:00" time="0.024">
        </testcase>
        <testcase name="error::tests::test_not_installable_on_os_display" classname="sniff" timestamp="2026-09-08T17:10:02.282-07:00" time="0.024">
        </testcase>
        <testcase name="error::tests::test_no_viable_method_display" classname="sniff" timestamp="2026-09-08T17:10:02.282-07:00" time="0.024">
        </testcase>
        <testcase name="executable_index::tests::test_eager_path_index_respects_path_precedence" classname="sniff" timestamp="2026-09-08T17:10:02.304-07:00" time="0.021">
        </testcase>
        <testcase name="executable_index::tests::test_executable_index_includes_executable" classname="sniff" timestamp="2026-09-08T17:10:02.305-07:00" time="0.024">
        </testcase>
        <testcase name="executable_index::tests::test_executable_index_excludes_non_executable" classname="sniff" timestamp="2026-09-08T17:10:02.305-07:00" time="0.026">
        </testcase>
        <testcase name="executable_index::tests::test_lazy_index_does_not_scan_path" classname="sniff" timestamp="2026-09-08T17:10:02.306-07:00" time="0.027">
        </testcase>
        <testcase name="executable_index::tests::bundle_index_is_discovered_once_per_process" classname="sniff" timestamp="2026-09-08T17:10:02.282-07:00" time="0.111">
        </testcase>
        <testcase name="executable_index::tests::eager_path_only_index_has_no_fallback_layers" classname="sniff" timestamp="2026-09-08T17:10:02.283-07:00" time="0.130">
        </testcase>
        <testcase name="filesystem::blast_radius::tests::blast_radius_document_matching::matched_document_returned" classname="sniff" timestamp="2026-09-08T17:10:02.307-07:00" time="0.106">
        </testcase>
        <testcase name="filesystem::blast_radius::tests::blast_radius_document_matching::document_with_empty_blast_radius_not_returned" classname="sniff" timestamp="2026-09-08T17:10:02.306-07:00" time="0.109">
        </testcase>
        <testcase name="executable_index::tests::test_build_eager_path_returns_consistent_results" classname="sniff" timestamp="2026-09-08T17:10:02.282-07:00" time="0.134">
        </testcase>
        <testcase name="filesystem::blast_radius::tests::blast_radius_document_matching::document_without_blast_radius_not_returned" classname="sniff" timestamp="2026-09-08T17:10:02.306-07:00" time="0.114">
        </testcase>
        <testcase name="executable_index::tests::test_eager_index_has_populated_map" classname="sniff" timestamp="2026-09-08T17:10:02.282-07:00" time="0.138">
        </testcase>
        <testcase name="executable_index::tests::eager_path_is_traversed_once_per_process" classname="sniff" timestamp="2026-09-08T17:10:02.282-07:00" time="0.140">
        </testcase>
        <testcase name="executable_index::tests::test_eager_lookup_returns_path_source" classname="sniff" timestamp="2026-09-08T17:10:02.304-07:00" time="0.120">
        </testcase>
        <testcase name="executable_index::tests::eager_path_only_agrees_with_lazy_path_only" classname="sniff" timestamp="2026-09-08T17:10:02.282-07:00" time="0.143">
        </testcase>
        <testcase name="filesystem::blast_radius::tests::blast_radius_document_matching::no_changed_files_returns_empty" classname="sniff" timestamp="2026-09-08T17:10:02.307-07:00" time="0.120">
        </testcase>
        <testcase name="filesystem::blast_radius::tests::blast_radius_document_matching::normalized_dot_slash_path_matches" classname="sniff" timestamp="2026-09-08T17:10:02.325-07:00" time="0.104">
        </testcase>
        <testcase name="executable_index::tests::test_eager_path_index_scans_path_directories" classname="sniff" timestamp="2026-09-08T17:10:02.305-07:00" time="0.128">
        </testcase>
        <testcase name="filesystem::blast_radius::tests::changed_path_collection::not_a_repo_returns_error" classname="sniff" timestamp="2026-09-08T17:10:02.413-07:00" time="0.025">
        </testcase>
        <testcase name="filesystem::blast_radius::tests::blast_radius_document_matching::unmatched_document_not_returned" classname="sniff" timestamp="2026-09-08T17:10:02.332-07:00" time="0.110">
        </testcase>
        <testcase name="filesystem::blast_radius::tests::blast_radius_document_matching::results_sorted_by_relative_path" classname="sniff" timestamp="2026-09-08T17:10:02.329-07:00" time="0.127">
        </testcase>
        <testcase name="filesystem::blast_radius::tests::blast_radius_document_matching::staged_scope_only_matches_staged_changes" classname="sniff" timestamp="2026-09-08T17:10:02.332-07:00" time="0.149">
        </testcase>
        <testcase name="filesystem::blast_radius::tests::changed_path_collection::last_commit_returns_paths" classname="sniff" timestamp="2026-09-08T17:10:02.413-07:00" time="0.083">
        </testcase>
        <testcase name="filesystem::docs::tests::blast_radius_parsing::has_blast_radius_true_when_key_present" classname="sniff" timestamp="2026-09-08T17:10:02.485-07:00" time="0.025">
        </testcase>
        <testcase name="filesystem::docs::tests::blast_radius_parsing::missing_blast_radius_returns_none" classname="sniff" timestamp="2026-09-08T17:10:02.496-07:00" time="0.026">
        </testcase>
        <testcase name="filesystem::docs::tests::blast_radius_parsing::normalizes_absolute_path_matching_repo_root" classname="sniff" timestamp="2026-09-08T17:10:02.522-07:00" time="0.023">
        </testcase>
        <testcase name="filesystem::docs::tests::blast_radius_parsing::non_string_entries_silently_dropped" classname="sniff" timestamp="2026-09-08T17:10:02.510-07:00" time="0.059">
        </testcase>
        <testcase name="filesystem::blast_radius::tests::temp_repo_changed_paths::deleted_file_included_in_staged" classname="sniff" timestamp="2026-09-08T17:10:02.427-07:00" time="0.150">
        </testcase>
        <testcase name="filesystem::blast_radius::tests::temp_repo_changed_paths::last_commit_returns_files_from_head" classname="sniff" timestamp="2026-09-08T17:10:02.433-07:00" time="0.146">
        </testcase>
        <testcase name="filesystem::blast_radius::tests::temp_repo_changed_paths::dirty_scope_returns_staged_unstaged_and_untracked" classname="sniff" timestamp="2026-09-08T17:10:02.428-07:00" time="0.155">
        </testcase>
        <testcase name="filesystem::docs::tests::blast_radius_parsing::normalizes_dot_slash_prefix" classname="sniff" timestamp="2026-09-08T17:10:02.544-07:00" time="0.042">
        </testcase>
        <testcase name="filesystem::blast_radius::tests::temp_repo_changed_paths::source_code_kind_filters_non_source" classname="sniff" timestamp="2026-09-08T17:10:02.438-07:00" time="0.161">
        </testcase>
        <testcase name="filesystem::docs::tests::blast_radius_parsing::parses_empty_blast_radius_list" classname="sniff" timestamp="2026-09-08T17:10:02.569-07:00" time="0.038">
        </testcase>
        <testcase name="filesystem::docs::tests::blast_radius_parsing::preserves_absolute_path_not_matching_repo_root" classname="sniff" timestamp="2026-09-08T17:10:02.579-07:00" time="0.031">
        </testcase>
        <testcase name="filesystem::docs::tests::blast_radius_parsing::parses_valid_blast_radius_list" classname="sniff" timestamp="2026-09-08T17:10:02.577-07:00" time="0.034">
        </testcase>
        <testcase name="filesystem::docs::tests::content_hashing::different_content_produces_different_hash" classname="sniff" timestamp="2026-09-08T17:10:02.584-07:00" time="0.033">
        </testcase>
        <testcase name="filesystem::docs::tests::content_hashing::same_content_produces_same_hash" classname="sniff" timestamp="2026-09-08T17:10:02.586-07:00" time="0.033">
        </testcase>
        <testcase name="filesystem::docs::tests::date_resolution::parses_datetime_without_timezone" classname="sniff" timestamp="2026-09-08T17:10:02.600-07:00" time="0.028">
        </testcase>
        <testcase name="filesystem::blast_radius::tests::temp_repo_changed_paths::unstaged_scope_only_returns_modified_files" classname="sniff" timestamp="2026-09-08T17:10:02.457-07:00" time="0.175">
        </testcase>
        <testcase name="filesystem::docs::tests::date_resolution::parses_iso_datetime" classname="sniff" timestamp="2026-09-08T17:10:02.609-07:00" time="0.027">
        </testcase>
        <testcase name="filesystem::docs::tests::date_resolution::returns_none_for_invalid_date" classname="sniff" timestamp="2026-09-08T17:10:02.611-07:00" time="0.030">
        </testcase>
        <testcase name="filesystem::docs::tests::date_resolution::parses_iso_date" classname="sniff" timestamp="2026-09-08T17:10:02.607-07:00" time="0.033">
        </testcase>
        <testcase name="filesystem::docs::tests::date_resolution::returns_none_for_non_string" classname="sniff" timestamp="2026-09-08T17:10:02.617-07:00" time="0.029">
        </testcase>
        <testcase name="filesystem::docs::tests::frontmatter_keys_extraction::empty_frontmatter_has_no_keys" classname="sniff" timestamp="2026-09-08T17:10:02.619-07:00" time="0.029">
        </testcase>
        <testcase name="filesystem::blast_radius::tests::temp_repo_changed_paths::staged_scope_only_returns_staged_files" classname="sniff" timestamp="2026-09-08T17:10:02.442-07:00" time="0.210">
        </testcase>
        <testcase name="filesystem::docs::tests::frontmatter_only_mode::frontmatter_only_extracts_prompt" classname="sniff" timestamp="2026-09-08T17:10:02.631-07:00" time="0.032">
        </testcase>
        <testcase name="filesystem::docs::tests::frontmatter_keys_extraction::extracts_sorted_keys" classname="sniff" timestamp="2026-09-08T17:10:02.628-07:00" time="0.036">
        </testcase>
        <testcase name="filesystem::docs::tests::frontmatter_only_mode::frontmatter_only_skips_body_hash_and_mtime" classname="sniff" timestamp="2026-09-08T17:10:02.641-07:00" time="0.027">
        </testcase>
        <testcase name="filesystem::docs::tests::frontmatter_only_mode::frontmatter_only_no_frontmatter_still_returns_doc" classname="sniff" timestamp="2026-09-08T17:10:02.637-07:00" time="0.031">
        </testcase>
        <testcase name="filesystem::docs::tests::frontmatter_parsing::handles_frontmatter_with_prompt" classname="sniff" timestamp="2026-09-08T17:10:02.648-07:00" time="0.022">
        </testcase>
        <testcase name="filesystem::docs::tests::frontmatter_only_mode::frontmatter_only_path_filter_excludes_non_matching" classname="sniff" timestamp="2026-09-08T17:10:02.641-07:00" time="0.030">
        </testcase>
        <testcase name="filesystem::docs::tests::frontmatter_parsing::handles_empty_frontmatter" classname="sniff" timestamp="2026-09-08T17:10:02.646-07:00" time="0.026">
        </testcase>
        <testcase name="filesystem::docs::tests::frontmatter_parsing::parses_valid_yaml_frontmatter" classname="sniff" timestamp="2026-09-08T17:10:02.653-07:00" time="0.023">
        </testcase>
        <testcase name="filesystem::docs::tests::frontmatter_parsing::returns_empty_map_for_unclosed_frontmatter" classname="sniff" timestamp="2026-09-08T17:10:02.663-07:00" time="0.024">
        </testcase>
        <testcase name="filesystem::docs::tests::frontmatter_parsing::returns_empty_map_for_no_frontmatter" classname="sniff" timestamp="2026-09-08T17:10:02.663-07:00" time="0.029">
        </testcase>
        <testcase name="filesystem::blast_radius::tests::package_scoping::exact_package_match_filters_paths" classname="sniff" timestamp="2026-09-08T17:10:02.421-07:00" time="0.294">
        </testcase>
        <testcase name="filesystem::blast_radius::tests::package_scoping::unknown_package_area_returns_error" classname="sniff" timestamp="2026-09-08T17:10:02.423-07:00" time="0.293">
        </testcase>
        <testcase name="filesystem::blast_radius::tests::package_scoping::unknown_package_returns_error" classname="sniff" timestamp="2026-09-08T17:10:02.426-07:00" time="0.291">
        </testcase>
        <testcase name="filesystem::docs::tests::markdown_path_collection::extension_match_is_case_insensitive" classname="sniff" timestamp="2026-09-08T17:10:02.693-07:00" time="0.032">
        </testcase>
        <testcase name="filesystem::docs::tests::markdown_path_collection::allows_canonical_path_deduplication" classname="sniff" timestamp="2026-09-08T17:10:02.687-07:00" time="0.039">
        </testcase>
        <testcase name="filesystem::blast_radius::tests::package_scoping::exact_package_area_match" classname="sniff" timestamp="2026-09-08T17:10:02.420-07:00" time="0.313">
        </testcase>
        <testcase name="filesystem::docs::tests::markdown_path_collection::returns_empty_for_nonexistent_root" classname="sniff" timestamp="2026-09-08T17:10:02.717-07:00" time="0.022">
        </testcase>
        <testcase name="filesystem::docs::tests::markdown_path_collection::returns_empty_for_directory_without_markdown" classname="sniff" timestamp="2026-09-08T17:10:02.716-07:00" time="0.023">
        </testcase>
        <testcase name="filesystem::docs::tests::markdown_path_collection::walks_nested_directories" classname="sniff" timestamp="2026-09-08T17:10:02.726-07:00" time="0.025">
        </testcase>
        <testcase name="filesystem::docs::tests::markdown_path_collection::returns_only_markdown_files" classname="sniff" timestamp="2026-09-08T17:10:02.725-07:00" time="0.028">
        </testcase>
        <testcase name="filesystem::docs::tests::package_detection::chooses_deepest_package_and_respects_component_boundaries" classname="sniff" timestamp="2026-09-08T17:10:02.732-07:00" time="0.028">
        </testcase>
        <testcase name="filesystem::docs::tests::package_detection::hidden_dirs_not_matched" classname="sniff" timestamp="2026-09-08T17:10:02.739-07:00" time="0.024">
        </testcase>
        <testcase name="filesystem::docs::tests::package_detection::file_between_packages_returns_none" classname="sniff" timestamp="2026-09-08T17:10:02.739-07:00" time="0.024">
        </testcase>
        <testcase name="filesystem::docs::tests::markdown_path_collection::honors_local_gitignore" classname="sniff" timestamp="2026-09-08T17:10:02.715-07:00" time="0.056">
        </testcase>
        <testcase name="filesystem::docs::tests::package_detection::matches_correct_nested_package" classname="sniff" timestamp="2026-09-08T17:10:02.752-07:00" time="0.028">
        </testcase>
        <testcase name="filesystem::docs::tests::package_detection::matches_file_to_package" classname="sniff" timestamp="2026-09-08T17:10:02.753-07:00" time="0.026">
        </testcase>
        <testcase name="filesystem::docs::tests::title_extraction::falls_back_to_h1" classname="sniff" timestamp="2026-09-08T17:10:02.763-07:00" time="0.019">
        </testcase>
        <testcase name="filesystem::docs::tests::title_extraction::falls_back_to_h2_when_no_h1" classname="sniff" timestamp="2026-09-08T17:10:02.764-07:00" time="0.019">
        </testcase>
        <testcase name="filesystem::docs::tests::package_detection::returns_none_for_root_file" classname="sniff" timestamp="2026-09-08T17:10:02.761-07:00" time="0.023">
        </testcase>
        <testcase name="filesystem::docs::tests::title_extraction::falls_back_to_h3_when_no_h1_or_h2" classname="sniff" timestamp="2026-09-08T17:10:02.771-07:00" time="0.018">
        </testcase>
        <testcase name="filesystem::docs::tests::title_extraction::prefers_frontmatter_title" classname="sniff" timestamp="2026-09-08T17:10:02.780-07:00" time="0.018">
        </testcase>
        <testcase name="filesystem::docs::tests::title_extraction::returns_empty_string_when_no_title" classname="sniff" timestamp="2026-09-08T17:10:02.783-07:00" time="0.018">
        </testcase>
        <testcase name="filesystem::docs::tests::title_extraction::h2_not_confused_with_h1" classname="sniff" timestamp="2026-09-08T17:10:02.780-07:00" time="0.022">
        </testcase>
        <testcase name="filesystem::docs::tests::updated_source_tracking::updated_property_source_from_last_updated" classname="sniff" timestamp="2026-09-08T17:10:02.784-07:00" time="0.019">
        </testcase>
        <testcase name="filesystem::docs::tests::updated_source_tracking::file_metadata_source_when_no_frontmatter_date" classname="sniff" timestamp="2026-09-08T17:10:02.783-07:00" time="0.026">
        </testcase>
        <testcase name="filesystem::docs::tests::updated_source_tracking::updated_property_source_from_updated_at" classname="sniff" timestamp="2026-09-08T17:10:02.789-07:00" time="0.023">
        </testcase>
        <testcase name="filesystem::blast_radius::tests::changed_path_collection::collect_dirty_returns_paths_in_real_repo" classname="sniff" timestamp="2026-09-08T17:10:02.394-07:00" time="0.427">
        </testcase>
        <testcase name="filesystem::file_types::aggregate::tests::framework_default_language_counts_toward_js" classname="sniff" timestamp="2026-09-08T17:10:02.798-07:00" time="0.029">
        </testcase>
        <testcase name="filesystem::blast_radius::tests::changed_path_collection::source_code_filter_excludes_non_source" classname="sniff" timestamp="2026-09-08T17:10:02.415-07:00" time="0.414">
        </testcase>
        <testcase name="filesystem::blast_radius::tests::package_scoping::nested_package_area_prefix_match" classname="sniff" timestamp="2026-09-08T17:10:02.422-07:00" time="0.407">
        </testcase>
        <testcase name="filesystem::file_types::classify::tests::binary_signature_detects_png" classname="sniff" timestamp="2026-09-08T17:10:02.803-07:00" time="0.030">
        </testcase>
        <testcase name="filesystem::file_types::aggregate::tests::summarize_file_inventory_language_data_matches_summarize_languages" classname="sniff" timestamp="2026-09-08T17:10:02.802-07:00" time="0.031">
        </testcase>
        <testcase name="filesystem::file_types::aggregate::tests::language_summary_ignores_configuration_and_docs" classname="sniff" timestamp="2026-09-08T17:10:02.801-07:00" time="0.033">
        </testcase>
        <testcase name="filesystem::file_types::classify::tests::framework_file_uses_embedded_language_hint" classname="sniff" timestamp="2026-09-08T17:10:02.809-07:00" time="0.030">
        </testcase>
        <testcase name="filesystem::file_types::classify::tests::generic_html_is_not_treated_as_angular_template" classname="sniff" timestamp="2026-09-08T17:10:02.813-07:00" time="0.027">
        </testcase>
        <testcase name="filesystem::blast_radius::tests::changed_path_collection::substring_filter_or_logic" classname="sniff" timestamp="2026-09-08T17:10:02.417-07:00" time="0.428">
        </testcase>
        <testcase name="filesystem::file_types::classify::tests::parallel_inventory_returns_populated_classifications" classname="sniff" timestamp="2026-09-08T17:10:02.820-07:00" time="0.031">
        </testcase>
        <testcase name="filesystem::file_types::classify::tests::shebang_is_classified_as_script_language" classname="sniff" timestamp="2026-09-08T17:10:02.830-07:00" time="0.022">
        </testcase>
        <testcase name="filesystem::file_types::classify::tests::project_package_inventory_respects_exclusions" classname="sniff" timestamp="2026-09-08T17:10:02.829-07:00" time="0.023">
        </testcase>
        <testcase name="filesystem::file_types::classify::tests::project_package_inventory_filters_by_path" classname="sniff" timestamp="2026-09-08T17:10:02.827-07:00" time="0.026">
        </testcase>
        <testcase name="filesystem::file_types::model::completeness_serialization::complete_inventory_omits_the_completeness_fields" classname="sniff" timestamp="2026-09-08T17:10:02.833-07:00" time="0.019">
        </testcase>
        <testcase name="filesystem::file_types::model::completeness_serialization::truncated_inventory_reports_the_flag_and_the_accepted_cap" classname="sniff" timestamp="2026-09-08T17:10:02.834-07:00" time="0.019">
        </testcase>
        <testcase name="filesystem::file_types::model::completeness_serialization::legacy_json_without_the_fields_deserializes_as_complete" classname="sniff" timestamp="2026-09-08T17:10:02.834-07:00" time="0.026">
        </testcase>
        <testcase name="filesystem::formatting::tests::test_detect_formatting_with_file" classname="sniff" timestamp="2026-09-08T17:10:02.840-07:00" time="0.030">
        </testcase>
        <testcase name="filesystem::formatting::tests::test_does_not_search_parent_directories" classname="sniff" timestamp="2026-09-08T17:10:02.840-07:00" time="0.030">
        </testcase>
        <testcase name="filesystem::formatting::tests::test_finds_editorconfig_in_same_directory" classname="sniff" timestamp="2026-09-08T17:10:02.845-07:00" time="0.032">
        </testcase>
        <testcase name="filesystem::formatting::tests::test_parse_colon_separator" classname="sniff" timestamp="2026-09-08T17:10:02.853-07:00" time="0.026">
        </testcase>
        <testcase name="filesystem::formatting::tests::test_parse_comments_ignored" classname="sniff" timestamp="2026-09-08T17:10:02.853-07:00" time="0.025">
        </testcase>
        <testcase name="filesystem::formatting::tests::test_parse_all_property_types" classname="sniff" timestamp="2026-09-08T17:10:02.852-07:00" time="0.027">
        </testcase>
        <testcase name="filesystem::formatting::tests::test_parse_boolean_false" classname="sniff" timestamp="2026-09-08T17:10:02.852-07:00" time="0.027">
        </testcase>
        <testcase name="filesystem::formatting::tests::test_parse_case_insensitive_values" classname="sniff" timestamp="2026-09-08T17:10:02.852-07:00" time="0.028">
        </testcase>
        <testcase name="filesystem::formatting::tests::test_no_editorconfig_returns_none" classname="sniff" timestamp="2026-09-08T17:10:02.852-07:00" time="0.029">
        </testcase>
        <testcase name="filesystem::formatting::tests::test_parse_crlf_line_ending" classname="sniff" timestamp="2026-09-08T17:10:02.860-07:00" time="0.036">
        </testcase>
        <testcase name="filesystem::formatting::tests::test_parse_non_root_config" classname="sniff" timestamp="2026-09-08T17:10:02.878-07:00" time="0.025">
        </testcase>
        <testcase name="filesystem::formatting::tests::test_parse_single_section" classname="sniff" timestamp="2026-09-08T17:10:02.879-07:00" time="0.028">
        </testcase>
        <testcase name="filesystem::formatting::tests::test_parse_multiple_sections" classname="sniff" timestamp="2026-09-08T17:10:02.877-07:00" time="0.036">
        </testcase>
        <testcase name="filesystem::formatting::tests::test_parse_root_false" classname="sniff" timestamp="2026-09-08T17:10:02.879-07:00" time="0.035">
        </testcase>
        <testcase name="filesystem::formatting::tests::test_parse_extra_properties" classname="sniff" timestamp="2026-09-08T17:10:02.875-07:00" time="0.038">
        </testcase>
        <testcase name="filesystem::formatting::tests::test_parse_unset_value" classname="sniff" timestamp="2026-09-08T17:10:02.879-07:00" time="0.035">
        </testcase>
        <testcase name="filesystem::formatting::tests::test_parse_max_line_length_off" classname="sniff" timestamp="2026-09-08T17:10:02.876-07:00" time="0.039">
        </testcase>
        <testcase name="filesystem::git::recent_commits::tests::filtering_tests::filter_by_package_area_includes_nested_areas" classname="sniff" timestamp="2026-09-08T17:10:02.914-07:00" time="0.017">
        </testcase>
        <testcase name="filesystem::git::recent_commits::tests::commit_attribution_uses_deepest_component_ownership" classname="sniff" timestamp="2026-09-08T17:10:02.914-07:00" time="0.019">
        </testcase>
        <testcase name="filesystem::git::recent_commits::tests::filtering_tests::filter_by_package_area_unknown_returns_error" classname="sniff" timestamp="2026-09-08T17:10:02.914-07:00" time="0.020">
        </testcase>
        <testcase name="filesystem::git::recent_commits::tests::filtering_tests::filter_by_actions_keeps_matching_conventional_commits" classname="sniff" timestamp="2026-09-08T17:10:02.914-07:00" time="0.021">
        </testcase>
        <testcase name="filesystem::git::recent_commits::tests::filtering_tests::filter_by_package_area_prefix_matching" classname="sniff" timestamp="2026-09-08T17:10:02.914-07:00" time="0.025">
        </testcase>
        <testcase name="filesystem::git::discovery::path_history_tests::unborn_head_is_exhausted_not_limited" classname="sniff" timestamp="2026-09-08T17:10:02.907-07:00" time="0.043">
        </testcase>
        <testcase name="filesystem::git::recent_commits::tests::filtering_tests::filter_by_package_unknown_returns_error" classname="sniff" timestamp="2026-09-08T17:10:02.933-07:00" time="0.018">
        </testcase>
        <testcase name="filesystem::git::recent_commits::tests::parse_commit_message_tests::empty_message" classname="sniff" timestamp="2026-09-08T17:10:02.935-07:00" time="0.016">
        </testcase>
        <testcase name="filesystem::git::recent_commits::tests::filtering_tests::filter_by_package_narrows_files_within_commits" classname="sniff" timestamp="2026-09-08T17:10:02.932-07:00" time="0.021">
        </testcase>
        <testcase name="filesystem::git::recent_commits::tests::filtering_tests::filter_preserves_packages_after_file_filtering" classname="sniff" timestamp="2026-09-08T17:10:02.934-07:00" time="0.022">
        </testcase>
        <testcase name="filesystem::git::recent_commits::tests::parse_commit_message_tests::message_with_bullets" classname="sniff" timestamp="2026-09-08T17:10:02.950-07:00" time="0.021">
        </testcase>
        <testcase name="filesystem::git::recent_commits::tests::parse_commit_message_tests::message_with_asterisk_bullets" classname="sniff" timestamp="2026-09-08T17:10:02.939-07:00" time="0.032">
        </testcase>
        <testcase name="filesystem::git::recent_commits::tests::parse_commit_message_tests::multi_paragraph_with_mixed_content" classname="sniff" timestamp="2026-09-08T17:10:02.951-07:00" time="0.020">
        </testcase>
        <testcase name="filesystem::git::recent_commits::tests::parse_commit_message_tests::simple_message" classname="sniff" timestamp="2026-09-08T17:10:02.951-07:00" time="0.022">
        </testcase>
        <testcase name="filesystem::git::recent_commits::tests::parse_period_tests::bare_number_is_count" classname="sniff" timestamp="2026-09-08T17:10:02.956-07:00" time="0.018">
        </testcase>
        <testcase name="filesystem::git::recent_commits::tests::parse_period_tests::bare_number_beats_hash_lookalike" classname="sniff" timestamp="2026-09-08T17:10:02.953-07:00" time="0.023">
        </testcase>
        <testcase name="filesystem::git::recent_commits::tests::parse_period_tests::bare_zero_invalid" classname="sniff" timestamp="2026-09-08T17:10:02.970-07:00" time="0.022">
        </testcase>
        <testcase name="filesystem::git::recent_commits::tests::parse_period_tests::duration_days_long" classname="sniff" timestamp="2026-09-08T17:10:02.972-07:00" time="0.021">
        </testcase>
        <testcase name="filesystem::git::recent_commits::tests::parse_period_tests::duration_days" classname="sniff" timestamp="2026-09-08T17:10:02.971-07:00" time="0.022">
        </testcase>
        <testcase name="filesystem::git::recent_commits::tests::parse_period_tests::duration_hours" classname="sniff" timestamp="2026-09-08T17:10:02.973-07:00" time="0.020">
        </testcase>
        <testcase name="filesystem::git::recent_commits::tests::parse_period_tests::duration_months_mo" classname="sniff" timestamp="2026-09-08T17:10:02.977-07:00" time="0.020">
        </testcase>
        <testcase name="filesystem::git::recent_commits::tests::parse_period_tests::duration_months_long" classname="sniff" timestamp="2026-09-08T17:10:02.974-07:00" time="0.023">
        </testcase>
        <testcase name="filesystem::git::discovery::path_history_tests::exhausting_history_reports_exhausted_not_limited" classname="sniff" timestamp="2026-09-08T17:10:02.881-07:00" time="0.137">
        </testcase>
        <testcase name="filesystem::git::recent_commits::tests::parse_period_tests::duration_weeks_long" classname="sniff" timestamp="2026-09-08T17:10:02.993-07:00" time="0.026">
        </testcase>
        <testcase name="filesystem::git::recent_commits::tests::parse_period_tests::duration_months_short" classname="sniff" timestamp="2026-09-08T17:10:02.992-07:00" time="0.027">
        </testcase>
        <testcase name="filesystem::git::recent_commits::tests::parse_period_tests::duration_weeks" classname="sniff" timestamp="2026-09-08T17:10:02.993-07:00" time="0.027">
        </testcase>
        <testcase name="filesystem::git::recent_commits::tests::parse_period_tests::hash_long" classname="sniff" timestamp="2026-09-08T17:10:02.997-07:00" time="0.028">
        </testcase>
        <testcase name="filesystem::git::recent_commits::tests::parse_period_tests::hash_short" classname="sniff" timestamp="2026-09-08T17:10:02.998-07:00" time="0.029">
        </testcase>
        <testcase name="filesystem::git::recent_commits::tests::parse_period_tests::duration_years" classname="sniff" timestamp="2026-09-08T17:10:02.993-07:00" time="0.036">
        </testcase>
        <testcase name="filesystem::git::discovery::path_history_tests::scan_limit_stops_the_walk_and_reports_incompleteness" classname="sniff" timestamp="2026-09-08T17:10:02.907-07:00" time="0.135">
        </testcase>
        <testcase name="filesystem::git::recent_commits::tests::parse_period_tests::invalid_input" classname="sniff" timestamp="2026-09-08T17:10:03.020-07:00" time="0.025">
        </testcase>
        <testcase name="filesystem::git::recent_commits::tests::parse_period_tests::iso_date" classname="sniff" timestamp="2026-09-08T17:10:03.020-07:00" time="0.026">
        </testcase>
        <testcase name="filesystem::git::recent_commits::tests::parse_period_tests::invalid_unit" classname="sniff" timestamp="2026-09-08T17:10:03.020-07:00" time="0.027">
        </testcase>
        <testcase name="filesystem::git::recent_commits::tests::parse_period_tests::hash_too_short" classname="sniff" timestamp="2026-09-08T17:10:03.017-07:00" time="0.031">
        </testcase>
        <testcase name="filesystem::git::recent_commits::tests::parse_period_tests::today_case_insensitive" classname="sniff" timestamp="2026-09-08T17:10:03.025-07:00" time="0.024">
        </testcase>
        <testcase name="filesystem::git::recent_commits::tests::parse_period_tests::yesterday_keyword" classname="sniff" timestamp="2026-09-08T17:10:03.029-07:00" time="0.023">
        </testcase>
        <testcase name="filesystem::git::recent_commits::tests::parse_period_tests::today_keyword" classname="sniff" timestamp="2026-09-08T17:10:03.027-07:00" time="0.026">
        </testcase>
        <testcase name="filesystem::git::discovery::path_history_tests::satisfying_the_count_reports_neither_boundary" classname="sniff" timestamp="2026-09-08T17:10:02.896-07:00" time="0.156">
        </testcase>
        <testcase name="filesystem::git::discovery::path_history_tests::commit_visits_are_bounded_by_the_scan_limit" classname="sniff" timestamp="2026-09-08T17:10:02.880-07:00" time="0.179">
        </testcase>
        <testcase name="filesystem::git::recent_commits::tests::rendering_tests::commit_time_label_absolute_for_old_commit" classname="sniff" timestamp="2026-09-08T17:10:03.042-07:00" time="0.024">
        </testcase>
        <testcase name="filesystem::git::recent_commits::tests::rendering_tests::describe_renders_commit_centric_header" classname="sniff" timestamp="2026-09-08T17:10:03.047-07:00" time="0.023">
        </testcase>
        <testcase name="filesystem::git::recent_commits::tests::rendering_tests::describe_header_without_conventional_commit" classname="sniff" timestamp="2026-09-08T17:10:03.044-07:00" time="0.028">
        </testcase>
        <testcase name="filesystem::git::recent_commits::tests::rendering_tests::describe_plain_no_hyperlinks" classname="sniff" timestamp="2026-09-08T17:10:03.046-07:00" time="0.026">
        </testcase>
        <testcase name="filesystem::git::recent_commits::tests::rendering_tests::source_code_changes_filters_files_within_commits" classname="sniff" timestamp="2026-09-08T17:10:03.053-07:00" time="0.021">
        </testcase>
        <testcase name="filesystem::git::recent_commits::tests::rendering_tests::describe_renders_description_and_files_impacted_blocks" classname="sniff" timestamp="2026-09-08T17:10:03.048-07:00" time="0.027">
        </testcase>
        <testcase name="filesystem::git::recent_commits::tests::rendering_tests::source_code_changes_empty_when_none" classname="sniff" timestamp="2026-09-08T17:10:03.053-07:00" time="0.023">
        </testcase>
        <testcase name="filesystem::git::recent_commits::tests::rendering_tests::describe_with_hyperlinks" classname="sniff" timestamp="2026-09-08T17:10:03.049-07:00" time="0.028">
        </testcase>
        <testcase name="filesystem::git::recent_commits::tests::rendering_tests::documentation_changes_filters_files_within_commits" classname="sniff" timestamp="2026-09-08T17:10:03.053-07:00" time="0.024">
        </testcase>
        <testcase name="filesystem::git::remote_observation::tests::azure_connection_data_identifies_only_on_premises_without_a_version" classname="sniff" timestamp="2026-09-08T17:10:03.059-07:00" time="0.025">
        </testcase>
        <testcase name="filesystem::git::remote_observation::tests::branch_normalization_accepts_only_local_head_names" classname="sniff" timestamp="2026-09-08T17:10:03.066-07:00" time="0.019">
        </testcase>
        <testcase name="filesystem::git::remote_observation::tests::provider_fallback_endpoints_preserve_nested_identity_and_exact_branch" classname="sniff" timestamp="2026-09-08T17:10:03.073-07:00" time="0.020">
        </testcase>
        <testcase name="filesystem::git::remote_observation::tests::provider_endpoint_policy_has_only_narrow_official_host_mappings" classname="sniff" timestamp="2026-09-08T17:10:03.072-07:00" time="0.020">
        </testcase>
        <testcase name="filesystem::git::remote_observation::tests::ssh_only_providers_map_to_canonical_https_git_endpoints" classname="sniff" timestamp="2026-09-08T17:10:03.074-07:00" time="0.020">
        </testcase>
        <testcase name="filesystem::git::remote_observation::tests::packet_parser_matches_only_exact_head_refs" classname="sniff" timestamp="2026-09-08T17:10:03.070-07:00" time="0.027">
        </testcase>
        <testcase name="filesystem::git::remote_refresh::tests::extra_system_config_at_reads_file_when_present" classname="sniff" timestamp="2026-09-08T17:10:03.097-07:00" time="0.024">
        </testcase>
        <testcase name="filesystem::git::remote_refresh::tests::extra_system_config_at_returns_none_when_path_is_none" classname="sniff" timestamp="2026-09-08T17:10:03.122-07:00" time="0.028">
        </testcase>
        <testcase name="filesystem::git::remote_refresh::tests::corrupt_index_status_propagates_error" classname="sniff" timestamp="2026-09-08T17:10:03.077-07:00" time="0.094">
        </testcase>
        <testcase name="filesystem::git::remote_refresh::tests::branch_info_reports_null_tracking_without_upstream" classname="sniff" timestamp="2026-09-08T17:10:03.075-07:00" time="0.099">
        </testcase>
        <testcase name="filesystem::git::remote_refresh::tests::extra_system_config_at_returns_none_when_path_missing" classname="sniff" timestamp="2026-09-08T17:10:03.149-07:00" time="0.036">
        </testcase>
        <testcase name="filesystem::git::remote_refresh::tests::corrupt_ref_item_branch_enumeration_propagates_error" classname="sniff" timestamp="2026-09-08T17:10:03.092-07:00" time="0.117">
        </testcase>
        <testcase name="filesystem::git::remote_refresh::tests::corrupt_ref_branch_enumeration_propagates_error" classname="sniff" timestamp="2026-09-08T17:10:03.085-07:00" time="0.129">
        </testcase>
        <testcase name="filesystem::git::remote_refresh::tests::corrupt_object_revwalk_propagates_error" classname="sniff" timestamp="2026-09-08T17:10:03.084-07:00" time="0.130">
        </testcase>
        <testcase name="filesystem::git::remote_refresh::tests::branch_info_reports_some_ahead_behind_with_configured_upstream" classname="sniff" timestamp="2026-09-08T17:10:03.077-07:00" time="0.139">
        </testcase>
        <testcase name="filesystem::git::remote_refresh::tests::corrupt_object_ancestry_propagates_error" classname="sniff" timestamp="2026-09-08T17:10:03.077-07:00" time="0.139">
        </testcase>
        <testcase name="filesystem::git::remote_refresh::tests::extra_system_config_macos_does_not_panic_when_clt_file_absent" classname="sniff" timestamp="2026-09-08T17:10:03.185-07:00" time="0.039">
        </testcase>
        <testcase name="filesystem::git::remote_refresh::tests::corrupt_ref_tracking_status_propagates_error" classname="sniff" timestamp="2026-09-08T17:10:03.093-07:00" time="0.137">
        </testcase>
        <testcase name="filesystem::git::remote_refresh::tests::corrupt_remote_ref_peel_tracking_status_propagates_error" classname="sniff" timestamp="2026-09-08T17:10:03.094-07:00" time="0.143">
        </testcase>
        <testcase name="filesystem::git::remote_refresh::tests::extra_system_config_fallback_has_lowest_precedence" classname="sniff" timestamp="2026-09-08T17:10:03.171-07:00" time="0.092">
        </testcase>
        <testcase name="filesystem::git::remote_refresh::tests::extra_system_config_fallback_reads_all_12_keys" classname="sniff" timestamp="2026-09-08T17:10:03.175-07:00" time="0.096">
        </testcase>
        <testcase name="filesystem::git::remote_refresh::tests::merge_failure_propagates_error" classname="sniff" timestamp="2026-09-08T17:10:03.238-07:00" time="0.105">
        </testcase>
        <testcase name="filesystem::git::remote_refresh::tests::get_worktrees_no_current_path_skips_all_ahead_behind" classname="sniff" timestamp="2026-09-08T17:10:03.216-07:00" time="0.137">
        </testcase>
        <testcase name="filesystem::docs::tests::integration::packages_detected_in_workspace" classname="sniff" timestamp="2026-09-08T17:10:02.672-07:00" time="0.681">
        </testcase>
        <testcase name="filesystem::git::remote_refresh::tests::has_merge_conflicts_matches_git2_oracle" classname="sniff" timestamp="2026-09-08T17:10:03.230-07:00" time="0.132">
        </testcase>
        <testcase name="filesystem::git::remote_refresh::tests::get_worktrees_main_worktree_current_skips_linked_ahead_behind" classname="sniff" timestamp="2026-09-08T17:10:03.215-07:00" time="0.158">
        </testcase>
        <testcase name="filesystem::git::remote_refresh::tests::get_worktrees_default_mode_skips_ahead_behind_for_non_current" classname="sniff" timestamp="2026-09-08T17:10:03.209-07:00" time="0.165">
        </testcase>
        <testcase name="filesystem::git::remote_refresh::tests::get_worktrees_omits_an_absent_registered_target" classname="sniff" timestamp="2026-09-08T17:10:03.216-07:00" time="0.158">
        </testcase>
        <testcase name="filesystem::git::remote_refresh::tests::populate_commit_remotes_finds_single_remote" classname="sniff" timestamp="2026-09-08T17:10:03.271-07:00" time="0.103">
        </testcase>
        <testcase name="filesystem::git::remote_refresh::tests::get_worktrees_full_detail_computes_ahead_behind_for_all" classname="sniff" timestamp="2026-09-08T17:10:03.214-07:00" time="0.169">
        </testcase>
        <testcase name="filesystem::git::remote_refresh::tests::populate_commit_remotes_distinguishes_multiple_remotes" classname="sniff" timestamp="2026-09-08T17:10:03.263-07:00" time="0.129">
        </testcase>
        <testcase name="filesystem::git::remote_refresh::tests::get_worktrees_surfaces_an_existing_corrupt_target" classname="sniff" timestamp="2026-09-08T17:10:03.224-07:00" time="0.184">
        </testcase>
        <testcase name="filesystem::git::remote_refresh::tests::populate_commit_remotes_respects_max_branches" classname="sniff" timestamp="2026-09-08T17:10:03.342-07:00" time="0.127">
        </testcase>
        <testcase name="filesystem::git::remote_refresh::tests::refresh_remote_tracking_refs_zero_concurrency_uses_one" classname="sniff" timestamp="2026-09-08T17:10:03.361-07:00" time="0.132">
        </testcase>
        <testcase name="filesystem::git::remote_refresh::tests::refresh_remote_tracking_refs_single_remote_runs_without_panic" classname="sniff" timestamp="2026-09-08T17:10:03.353-07:00" time="0.142">
        </testcase>
        <testcase name="filesystem::git::status::tests::batched_diff_handles_staged_deletes" classname="sniff" timestamp="2026-09-08T17:10:03.374-07:00" time="0.143">
        </testcase>
        <testcase name="filesystem::git::status::tests::added_file_stats_without_diffs_runs_no_diff" classname="sniff" timestamp="2026-09-08T17:10:03.374-07:00" time="0.157">
        </testcase>
        <testcase name="filesystem::git::status::tests::batched_diff_attributes_lines_to_unstaged_only_files" classname="sniff" timestamp="2026-09-08T17:10:03.374-07:00" time="0.160">
        </testcase>
        <testcase name="filesystem::git::status::tests::batched_diff_handles_staged_rename_as_delete_and_add" classname="sniff" timestamp="2026-09-08T17:10:03.383-07:00" time="0.166">
        </testcase>
        <testcase name="filesystem::git::remote_refresh::tests::remote_refresh_preserves_builder_configuration_and_honors_timeout" classname="sniff" timestamp="2026-09-08T17:10:03.373-07:00" time="0.193">
        </testcase>
        <testcase name="filesystem::git::remote_refresh::tests::populate_commit_remotes_skewed_timestamp_ancestor_not_pruned" classname="sniff" timestamp="2026-09-08T17:10:03.352-07:00" time="0.216">
        </testcase>
        <testcase name="filesystem::git::status::tests::batched_diff_handles_unstaged_deletes_with_concurrent_modify" classname="sniff" timestamp="2026-09-08T17:10:03.392-07:00" time="0.185">
        </testcase>
        <testcase name="filesystem::git::status::tests::batched_diff_mixed_binary_and_text_deltas" classname="sniff" timestamp="2026-09-08T17:10:03.408-07:00" time="0.217">
        </testcase>
        <testcase name="filesystem::git::status::tests::batched_diff_sums_staged_and_unstaged_for_combined_changes" classname="sniff" timestamp="2026-09-08T17:10:03.470-07:00" time="0.183">
        </testcase>
        <testcase name="filesystem::git::status::tests::clean_repo_early_exit_returns_not_dirty" classname="sniff" timestamp="2026-09-08T17:10:03.494-07:00" time="0.178">
        </testcase>
        <testcase name="filesystem::git::status::tests::counts_only_status_loads_no_blobs_and_runs_no_diffs" classname="sniff" timestamp="2026-09-08T17:10:03.495-07:00" time="0.205">
        </testcase>
        <testcase name="filesystem::git::status::tests::is_repo_dirty_clean_repo_is_false" classname="sniff" timestamp="2026-09-08T17:10:03.534-07:00" time="0.190">
        </testcase>
        <testcase name="filesystem::git::status::tests::each_dirty_side_loads_and_diffs_once" classname="sniff" timestamp="2026-09-08T17:10:03.517-07:00" time="0.219">
        </testcase>
        <testcase name="filesystem::git::status::tests::is_repo_dirty_untracked_only_is_true" classname="sniff" timestamp="2026-09-08T17:10:03.568-07:00" time="0.197">
        </testcase>
        <testcase name="filesystem::git::status::tests::is_repo_dirty_unstaged_change_is_true" classname="sniff" timestamp="2026-09-08T17:10:03.566-07:00" time="0.202">
        </testcase>
        <testcase name="filesystem::git::status::tests::is_repo_dirty_staged_change_is_true" classname="sniff" timestamp="2026-09-08T17:10:03.550-07:00" time="0.221">
        </testcase>
        <testcase name="filesystem::git::status::tests::get_repo_status_with_changes_resolves_head_once" classname="sniff" timestamp="2026-09-08T17:10:03.531-07:00" time="0.240">
        </testcase>
        <testcase name="filesystem::git::status::tests::patch_parity_single_line_hunk_header_matches_git2" classname="sniff" timestamp="2026-09-08T17:10:03.577-07:00" time="0.198">
        </testcase>
        <testcase name="filesystem::git::status::tests::patch_parity_staged_delete_matches_git2" classname="sniff" timestamp="2026-09-08T17:10:03.653-07:00" time="0.149">
        </testcase>
        <testcase name="filesystem::git::status::tests::patch_parity_unstaged_binary_modify_matches_git2" classname="sniff" timestamp="2026-09-08T17:10:03.672-07:00" time="0.162">
        </testcase>
        <testcase name="filesystem::git::status::tests::patch_parity_staged_add_matches_git2" classname="sniff" timestamp="2026-09-08T17:10:03.625-07:00" time="0.212">
        </testcase>
        <testcase name="filesystem::git::types::tests::branches_convenience_suppresses_errors_to_empty_vec" classname="sniff" timestamp="2026-09-08T17:10:03.724-07:00" time="0.139">
        </testcase>
        <testcase name="filesystem::git::types::tests::config_cache_returns_same_value_on_repeated_access" classname="sniff" timestamp="2026-09-08T17:10:03.736-07:00" time="0.128">
        </testcase>
        <testcase name="filesystem::git::status::tests::patch_parity_unstaged_modify_matches_git2" classname="sniff" timestamp="2026-09-08T17:10:03.700-07:00" time="0.173">
        </testcase>
        <testcase name="filesystem::git::types::tests::corrupt_ref_detect_with_request_propagates_error" classname="sniff" timestamp="2026-09-08T17:10:03.765-07:00" time="0.131">
        </testcase>
        <testcase name="filesystem::git::types::tests::corrupt_ref_try_branches_propagates_error" classname="sniff" timestamp="2026-09-08T17:10:03.768-07:00" time="0.155">
        </testcase>
        <testcase name="filesystem::git::types::tests::corrupt_ref_try_tracking_status_propagates_error" classname="sniff" timestamp="2026-09-08T17:10:03.771-07:00" time="0.175">
        </testcase>
        <testcase name="filesystem::git::types::tests::existing_presets_still_compute_status" classname="sniff" timestamp="2026-09-08T17:10:03.771-07:00" time="0.176">
        </testcase>
        <testcase name="filesystem::git::types::tests::focused_ref_consumers_share_one_observation" classname="sniff" timestamp="2026-09-08T17:10:03.776-07:00" time="0.206">
        </testcase>
        <testcase name="filesystem::git::types::tests::identity_request_detached_head_has_expected_fields" classname="sniff" timestamp="2026-09-08T17:10:03.836-07:00" time="0.154">
        </testcase>
        <testcase name="filesystem::git::types::tests::focused_worktree_metadata_opens_no_linked_repositories" classname="sniff" timestamp="2026-09-08T17:10:03.801-07:00" time="0.214">
        </testcase>
        <testcase name="filesystem::git::types::tests::identity_request_does_not_walk_status" classname="sniff" timestamp="2026-09-08T17:10:03.863-07:00" time="0.167">
        </testcase>
        <testcase name="filesystem::git::types::tests::identity_request_on_branch_has_expected_fields" classname="sniff" timestamp="2026-09-08T17:10:03.873-07:00" time="0.169">
        </testcase>
        <testcase name="filesystem::git::types::tests::identity_request_unborn_head_has_expected_fields" classname="sniff" timestamp="2026-09-08T17:10:03.923-07:00" time="0.120">
        </testcase>
        <testcase name="filesystem::git::types::tests::identity_request_in_linked_worktree_has_expected_fields" classname="sniff" timestamp="2026-09-08T17:10:03.864-07:00" time="0.198">
        </testcase>
        <testcase name="filesystem::git::types::tests::focused_worktrees_reuse_current_linked_repository" classname="sniff" timestamp="2026-09-08T17:10:03.835-07:00" time="0.226">
        </testcase>
        <testcase name="filesystem::git::types::tests::identity_request_serializes_without_status_field" classname="sniff" timestamp="2026-09-08T17:10:03.897-07:00" time="0.169">
        </testcase>
        <testcase name="filesystem::git::types::tests::tracking_status_convenience_suppresses_errors_to_empty_vec" classname="sniff" timestamp="2026-09-08T17:10:03.947-07:00" time="0.158">
        </testcase>
        <testcase name="filesystem::git::worktree::tests::info_inside_linked_worktree_returns_name_and_path" classname="sniff" timestamp="2026-09-08T17:10:03.947-07:00" time="0.187">
        </testcase>
        <testcase name="filesystem::git::worktree::tests::info_inside_main_worktree_returns_none" classname="sniff" timestamp="2026-09-08T17:10:03.982-07:00" time="0.153">
        </testcase>
        <testcase name="filesystem::git::worktree::tests::inside_main_worktree_returns_none" classname="sniff" timestamp="2026-09-08T17:10:04.016-07:00" time="0.144">
        </testcase>
        <testcase name="filesystem::git::worktree::tests::list_worktrees_outside_repo_returns_none" classname="sniff" timestamp="2026-09-08T17:10:04.135-07:00" time="0.034">
        </testcase>
        <testcase name="filesystem::git::worktree::tests::list_worktrees_current_highlighting_from_main_worktree" classname="sniff" timestamp="2026-09-08T17:10:04.043-07:00" time="0.126">
        </testcase>
        <testcase name="filesystem::git::worktree::tests::inside_linked_worktree_returns_name" classname="sniff" timestamp="2026-09-08T17:10:03.991-07:00" time="0.191">
        </testcase>
        <testcase name="filesystem::git::worktree::tests::list_worktrees_from_bare_common_repo_has_no_main_entry" classname="sniff" timestamp="2026-09-08T17:10:04.062-07:00" time="0.133">
        </testcase>
        <testcase name="filesystem::git::worktree::tests::list_worktrees_current_highlighting_from_linked_worktree" classname="sniff" timestamp="2026-09-08T17:10:04.042-07:00" time="0.156">
        </testcase>
        <testcase name="filesystem::git::worktree::tests::list_worktrees_detached_head" classname="sniff" timestamp="2026-09-08T17:10:04.062-07:00" time="0.141">
        </testcase>
        <testcase name="filesystem::git::worktree::tests::list_worktrees_main_only" classname="sniff" timestamp="2026-09-08T17:10:04.104-07:00" time="0.137">
        </testcase>
        <testcase name="filesystem::git::worktree::tests::list_worktrees_linked_worktree_detached_head" classname="sniff" timestamp="2026-09-08T17:10:04.065-07:00" time="0.176">
        </testcase>
        <testcase name="filesystem::git::worktree::tests::outside_repo_returns_none" classname="sniff" timestamp="2026-09-08T17:10:04.198-07:00" time="0.087">
        </testcase>
        <testcase name="filesystem::just::tests::captures_description_from_comments" classname="sniff" timestamp="2026-09-08T17:10:04.202-07:00" time="0.083">
        </testcase>
        <testcase name="filesystem::just::tests::comments_separated_by_blank_line_are_not_description" classname="sniff" timestamp="2026-09-08T17:10:04.241-07:00" time="0.049">
        </testcase>
        <testcase name="filesystem::just::tests::captures_multiline_description" classname="sniff" timestamp="2026-09-08T17:10:04.241-07:00" time="0.055">
        </testcase>
        <testcase name="filesystem::just::tests::default_recipe_tracked_via_has_default" classname="sniff" timestamp="2026-09-08T17:10:04.285-07:00" time="0.046">
        </testcase>
        <testcase name="filesystem::git::worktree::tests::list_worktrees_main_worktree_named_from_basename" classname="sniff" timestamp="2026-09-08T17:10:04.135-07:00" time="0.214">
        </testcase>
        <testcase name="filesystem::git::worktree::tests::list_worktrees_propagates_proxy_base_error" classname="sniff" timestamp="2026-09-08T17:10:04.169-07:00" time="0.190">
        </testcase>
        <testcase name="filesystem::just::tests::hash_differs_for_different_bodies" classname="sniff" timestamp="2026-09-08T17:10:04.331-07:00" time="0.028">
        </testcase>
        <testcase name="filesystem::git::worktree::tests::list_worktrees_preserves_prunable_and_missing_head_metadata" classname="sniff" timestamp="2026-09-08T17:10:04.159-07:00" time="0.211">
        </testcase>
        <testcase name="filesystem::git::worktree::tests::list_worktrees_propagates_registry_error" classname="sniff" timestamp="2026-09-08T17:10:04.170-07:00" time="0.203">
        </testcase>
        <testcase name="filesystem::git::worktree::tests::list_worktrees_alphabetical_sorting" classname="sniff" timestamp="2026-09-08T17:10:04.030-07:00" time="0.345">
        </testcase>
        <testcase name="filesystem::just::tests::hash_is_consistent" classname="sniff" timestamp="2026-09-08T17:10:04.349-07:00" time="0.030">
        </testcase>
        <testcase name="filesystem::git::worktree::tests::list_worktrees_reads_linked_admin_metadata_without_repository_open" classname="sniff" timestamp="2026-09-08T17:10:04.182-07:00" time="0.199">
        </testcase>
        <testcase name="filesystem::just::tests::is_valid_recipe_name_checks" classname="sniff" timestamp="2026-09-08T17:10:04.360-07:00" time="0.022">
        </testcase>
        <testcase name="filesystem::git::worktree::tests::list_worktrees_with_linked_worktrees" classname="sniff" timestamp="2026-09-08T17:10:04.194-07:00" time="0.188">
        </testcase>
        <testcase name="filesystem::just::tests::multiline_body" classname="sniff" timestamp="2026-09-08T17:10:04.360-07:00" time="0.023">
        </testcase>
        <testcase name="filesystem::docs::tests::integration::documents_have_correct_packages" classname="sniff" timestamp="2026-09-08T17:10:02.671-07:00" time="1.721">
        </testcase>
        <testcase name="filesystem::just::tests::no_description_when_no_comments" classname="sniff" timestamp="2026-09-08T17:10:04.370-07:00" time="0.036">
        </testcase>
        <testcase name="filesystem::just::tests::parse_param_optional_with_default" classname="sniff" timestamp="2026-09-08T17:10:04.379-07:00" time="0.028">
        </testcase>
        <testcase name="filesystem::just::tests::parse_param_optional_empty_default" classname="sniff" timestamp="2026-09-08T17:10:04.375-07:00" time="0.032">
        </testcase>
        <testcase name="filesystem::just::tests::parse_param_variadic_required" classname="sniff" timestamp="2026-09-08T17:10:04.383-07:00" time="0.047">
        </testcase>
        <testcase name="filesystem::just::tests::parse_param_required" classname="sniff" timestamp="2026-09-08T17:10:04.381-07:00" time="0.060">
        </testcase>
        <testcase name="filesystem::just::tests::parse_multiple_recipes" classname="sniff" timestamp="2026-09-08T17:10:04.373-07:00" time="0.068">
        </testcase>
        <testcase name="filesystem::just::tests::parse_param_variadic_optional" classname="sniff" timestamp="2026-09-08T17:10:04.382-07:00" time="0.094">
        </testcase>
        <testcase name="filesystem::just::tests::parse_private_recipe" classname="sniff" timestamp="2026-09-08T17:10:04.384-07:00" time="0.092">
        </testcase>
        <testcase name="filesystem::just::tests::parse_simple_recipe" classname="sniff" timestamp="2026-09-08T17:10:04.409-07:00" time="0.113">
        </testcase>
        <testcase name="filesystem::just::tests::parse_required_variadic_param" classname="sniff" timestamp="2026-09-08T17:10:04.419-07:00" time="0.124">
        </testcase>
        <testcase name="filesystem::just::tests::parse_recipe_with_default_value" classname="sniff" timestamp="2026-09-08T17:10:04.391-07:00" time="0.151">
        </testcase>
        <testcase name="filesystem::just::tests::parse_recipe_with_params" classname="sniff" timestamp="2026-09-08T17:10:04.407-07:00" time="0.159">
        </testcase>
        <testcase name="filesystem::just::tests::skips_variables_and_settings" classname="sniff" timestamp="2026-09-08T17:10:04.440-07:00" time="0.136">
        </testcase>
        <testcase name="filesystem::languages::tests::test_detects_rust_files" classname="sniff" timestamp="2026-09-08T17:10:04.476-07:00" time="0.133">
        </testcase>
        <testcase name="filesystem::languages::tests::framework_files_contribute_to_language_summary" classname="sniff" timestamp="2026-09-08T17:10:04.441-07:00" time="0.181">
        </testcase>
        <testcase name="filesystem::languages::tests::test_excludes_nested_package_roots" classname="sniff" timestamp="2026-09-08T17:10:04.523-07:00" time="0.140">
        </testcase>
        <testcase name="filesystem::languages::tests::test_excludes_node_modules" classname="sniff" timestamp="2026-09-08T17:10:04.543-07:00" time="0.137">
        </testcase>
        <testcase name="filesystem::just::tests::recipe_with_dependency" classname="sniff" timestamp="2026-09-08T17:10:04.430-07:00" time="0.250">
        </testcase>
        <testcase name="filesystem::languages::tests::test_markdown_does_not_count_as_language" classname="sniff" timestamp="2026-09-08T17:10:04.566-07:00" time="0.121">
        </testcase>
        <testcase name="filesystem::path_kind::tests::documentation_detection::adoc_file_is_documentation" classname="sniff" timestamp="2026-09-08T17:10:04.608-07:00" time="0.081">
        </testcase>
        <testcase name="filesystem::languages::tests::test_files_collected_per_language" classname="sniff" timestamp="2026-09-08T17:10:04.553-07:00" time="0.149">
        </testcase>
        <testcase name="filesystem::path_kind::tests::documentation_detection::bare_changelog_is_documentation" classname="sniff" timestamp="2026-09-08T17:10:04.622-07:00" time="0.087">
        </testcase>
        <testcase name="filesystem::languages::tests::test_respects_gitignore" classname="sniff" timestamp="2026-09-08T17:10:04.577-07:00" time="0.133">
        </testcase>
        <testcase name="filesystem::path_kind::tests::documentation_detection::changelog_md_is_documentation" classname="sniff" timestamp="2026-09-08T17:10:04.680-07:00" time="0.048">
        </testcase>
        <testcase name="filesystem::path_kind::tests::documentation_detection::bare_contributing_is_documentation" classname="sniff" timestamp="2026-09-08T17:10:04.663-07:00" time="0.066">
        </testcase>
        <testcase name="filesystem::path_kind::tests::documentation_detection::json_is_not_documentation" classname="sniff" timestamp="2026-09-08T17:10:04.687-07:00" time="0.055">
        </testcase>
        <testcase name="filesystem::path_kind::tests::documentation_detection::bare_readme_is_documentation" classname="sniff" timestamp="2026-09-08T17:10:04.680-07:00" time="0.062">
        </testcase>
        <testcase name="filesystem::languages::tests::test_empty_directory_returns_zero_languages" classname="sniff" timestamp="2026-09-08T17:10:04.478-07:00" time="0.268">
        </testcase>
        <testcase name="filesystem::path_kind::tests::documentation_detection::readme_md_is_documentation" classname="sniff" timestamp="2026-09-08T17:10:04.710-07:00" time="0.039">
        </testcase>
        <testcase name="filesystem::path_kind::tests::documentation_detection::png_is_not_documentation" classname="sniff" timestamp="2026-09-08T17:10:04.709-07:00" time="0.052">
        </testcase>
        <testcase name="filesystem::path_kind::tests::documentation_detection::markdown_file_is_documentation" classname="sniff" timestamp="2026-09-08T17:10:04.689-07:00" time="0.075">
        </testcase>
        <testcase name="filesystem::path_kind::tests::documentation_detection::rust_file_is_not_documentation" classname="sniff" timestamp="2026-09-08T17:10:04.731-07:00" time="0.036">
        </testcase>
        <testcase name="filesystem::path_kind::tests::documentation_detection::mdx_file_is_documentation" classname="sniff" timestamp="2026-09-08T17:10:04.702-07:00" time="0.065">
        </testcase>
        <testcase name="filesystem::path_kind::tests::documentation_detection::rst_file_is_documentation" classname="sniff" timestamp="2026-09-08T17:10:04.728-07:00" time="0.039">
        </testcase>
        <testcase name="filesystem::path_kind::tests::documentation_detection::txt_file_is_documentation" classname="sniff" timestamp="2026-09-08T17:10:04.742-07:00" time="0.037">
        </testcase>
        <testcase name="filesystem::path_kind::tests::source_code_detection::css_file_is_source_code" classname="sniff" timestamp="2026-09-08T17:10:04.743-07:00" time="0.038">
        </testcase>
        <testcase name="filesystem::path_kind::tests::source_code_detection::htm_file_is_source_code" classname="sniff" timestamp="2026-09-08T17:10:04.746-07:00" time="0.034">
        </testcase>
        <testcase name="filesystem::path_kind::tests::source_code_detection::html_file_is_source_code" classname="sniff" timestamp="2026-09-08T17:10:04.749-07:00" time="0.035">
        </testcase>
        <testcase name="filesystem::docs::tests::integration::all_docs_have_content_hash" classname="sniff" timestamp="2026-09-08T17:10:02.668-07:00" time="2.118">
        </testcase>
        <testcase name="filesystem::path_kind::tests::source_code_detection::json_is_not_source_code" classname="sniff" timestamp="2026-09-08T17:10:04.762-07:00" time="0.032">
        </testcase>
        <testcase name="filesystem::path_kind::tests::source_code_detection::markdown_is_not_source_code" classname="sniff" timestamp="2026-09-08T17:10:04.764-07:00" time="0.030">
        </testcase>
        <testcase name="filesystem::path_kind::tests::source_code_detection::no_extension_is_not_source_code" classname="sniff" timestamp="2026-09-08T17:10:04.767-07:00" time="0.029">
        </testcase>
        <testcase name="filesystem::path_kind::tests::source_code_detection::python_is_source_code" classname="sniff" timestamp="2026-09-08T17:10:04.768-07:00" time="0.032">
        </testcase>
        <testcase name="filesystem::path_kind::tests::source_code_detection::png_is_not_source_code" classname="sniff" timestamp="2026-09-08T17:10:04.769-07:00" time="0.032">
        </testcase>
        <testcase name="filesystem::just::tests::detect_justfiles_tracks_has_default" classname="sniff" timestamp="2026-09-08T17:10:04.290-07:00" time="0.514">
        </testcase>
        <testcase name="filesystem::just::tests::detect_justfiles_finds_repo_files" classname="sniff" timestamp="2026-09-08T17:10:04.287-07:00" time="0.517">
        </testcase>
        <testcase name="filesystem::path_kind::tests::source_code_detection::rust_file_is_source_code" classname="sniff" timestamp="2026-09-08T17:10:04.779-07:00" time="0.027">
        </testcase>
        <testcase name="filesystem::path_kind::tests::source_code_detection::scss_is_source_code" classname="sniff" timestamp="2026-09-08T17:10:04.781-07:00" time="0.025">
        </testcase>
        <testcase name="filesystem::path_kind::tests::source_code_detection::toml_is_not_source_code" classname="sniff" timestamp="2026-09-08T17:10:04.781-07:00" time="0.025">
        </testcase>
        <testcase name="filesystem::path_kind::tests::source_code_detection::typescript_file_is_source_code" classname="sniff" timestamp="2026-09-08T17:10:04.783-07:00" time="0.025">
        </testcase>
        <testcase name="filesystem::path_kind::tests::source_code_detection::vue_file_is_source_code" classname="sniff" timestamp="2026-09-08T17:10:04.787-07:00" time="0.027">
        </testcase>
        <testcase name="filesystem::path_kind::tests::source_code_detection::yaml_is_not_source_code" classname="sniff" timestamp="2026-09-08T17:10:04.794-07:00" time="0.027">
        </testcase>
        <testcase name="filesystem::just::tests::detect_justfiles_with_filter" classname="sniff" timestamp="2026-09-08T17:10:04.296-07:00" time="0.524">
        </testcase>
        <testcase name="filesystem::docs::tests::integration::detect_docs_returns_some_in_repo" classname="sniff" timestamp="2026-09-08T17:10:02.670-07:00" time="2.150">
        </testcase>
        <testcase name="filesystem::repo::aggregate::tests::aggregate_versions_empty_scope_yields_empty_result" classname="sniff" timestamp="2026-09-08T17:10:04.796-07:00" time="0.025">
        </testcase>
        <testcase name="filesystem::repo::aggregate::tests::aggregate_versions_npm_root_fallback_for_package" classname="sniff" timestamp="2026-09-08T17:10:04.800-07:00" time="0.028">
        </testcase>
        <testcase name="filesystem::repo::aggregate::tests::aggregate_versions_respects_package_area_scope" classname="sniff" timestamp="2026-09-08T17:10:04.804-07:00" time="0.028">
        </testcase>
        <testcase name="filesystem::docs::tests::integration::all_docs_have_relative_paths" classname="sniff" timestamp="2026-09-08T17:10:02.669-07:00" time="2.163">
        </testcase>
        <testcase name="filesystem::repo::aggregate::tests::aggregate_versions_variant_keeps_each_version_separate" classname="sniff" timestamp="2026-09-08T17:10:04.806-07:00" time="0.031">
        </testcase>
        <testcase name="filesystem::repo::aggregate::tests::aggregate_versions_uniform_collapses_to_one_entry_naming_all_packages" classname="sniff" timestamp="2026-09-08T17:10:04.806-07:00" time="0.032">
        </testcase>
        <testcase name="filesystem::repo::aggregate::tests::aggregate_versions_package_with_no_manifest_contributes_nothing" classname="sniff" timestamp="2026-09-08T17:10:04.804-07:00" time="0.034">
        </testcase>
        <testcase name="filesystem::repo::aggregate::tests::aggregate_versions_multiple_manifest_sources_for_same_version" classname="sniff" timestamp="2026-09-08T17:10:04.800-07:00" time="0.038">
        </testcase>
        <testcase name="filesystem::repo::aggregate::tests::aggregate_versions_workspace_inheritance_missing_root_version_returns_none" classname="sniff" timestamp="2026-09-08T17:10:04.809-07:00" time="0.031">
        </testcase>
        <testcase name="filesystem::repo::aggregate::tests::aggregate_versions_single_package_returns_one_entry" classname="sniff" timestamp="2026-09-08T17:10:04.806-07:00" time="0.040">
        </testcase>
        <testcase name="filesystem::docs::tests::integration::repo_documents_from_current_dir" classname="sniff" timestamp="2026-09-08T17:10:02.677-07:00" time="2.170">
        </testcase>
        <testcase name="filesystem::repo::aggregate::tests::bare_aggregate_version_uniform_returns_the_shared_string" classname="sniff" timestamp="2026-09-08T17:10:04.820-07:00" time="0.033">
        </testcase>
        <testcase name="filesystem::repo::aggregate::tests::bare_aggregate_version_two_distinct_returns_none" classname="sniff" timestamp="2026-09-08T17:10:04.820-07:00" time="0.036">
        </testcase>
        <testcase name="filesystem::repo::aggregate::tests::aggregate_versions_workspace_inheritance_resolves_to_root_with_inherited_flag" classname="sniff" timestamp="2026-09-08T17:10:04.814-07:00" time="0.043">
        </testcase>
        <testcase name="filesystem::repo::aggregate::tests::collapse_dedupes_within_a_package" classname="sniff" timestamp="2026-09-08T17:10:04.828-07:00" time="0.030">
        </testcase>
        <testcase name="filesystem::repo::aggregate::tests::empty_scope_yields_empty_result" classname="sniff" timestamp="2026-09-08T17:10:04.832-07:00" time="0.031">
        </testcase>
        <testcase name="filesystem::repo::aggregate::tests::bare_aggregate_version_zero_packages_returns_none" classname="sniff" timestamp="2026-09-08T17:10:04.823-07:00" time="0.040">
        </testcase>
        <testcase name="filesystem::repo::aggregate::tests::package_area_uniform_collapses_to_singular" classname="sniff" timestamp="2026-09-08T17:10:04.832-07:00" time="0.032">
        </testcase>
        <testcase name="filesystem::repo::aggregate::tests::bare_aggregate_version_workspace_inheritance_collapses_to_root_version" classname="sniff" timestamp="2026-09-08T17:10:04.821-07:00" time="0.045">
        </testcase>
        <testcase name="filesystem::repo::aggregate::tests::repo_scope_unions_all_packages" classname="sniff" timestamp="2026-09-08T17:10:04.838-07:00" time="0.050">
        </testcase>
        <testcase name="filesystem::repo::aggregate::tests::resolve_scope_overrides_ambiguous_package_errors" classname="sniff" timestamp="2026-09-08T17:10:04.847-07:00" time="0.048">
        </testcase>
        <testcase name="filesystem::repo::aggregate::tests::package_area_variant_collapses_to_unique_list" classname="sniff" timestamp="2026-09-08T17:10:04.837-07:00" time="0.058">
        </testcase>
        <testcase name="filesystem::repo::aggregate::tests::resolve_scope_overrides_valid_package_area" classname="sniff" timestamp="2026-09-08T17:10:04.863-07:00" time="0.032">
        </testcase>
        <testcase name="filesystem::repo::aggregate::tests::resolve_scope_overrides_cwd_default_when_no_flags" classname="sniff" timestamp="2026-09-08T17:10:04.853-07:00" time="0.042">
        </testcase>
        <testcase name="filesystem::repo::aggregate::tests::resolve_scope_non_monorepo_single_package" classname="sniff" timestamp="2026-09-08T17:10:04.840-07:00" time="0.055">
        </testcase>
        <testcase name="filesystem::repo::aggregate::tests::resolve_scope_monorepo_at_root" classname="sniff" timestamp="2026-09-08T17:10:04.838-07:00" time="0.057">
        </testcase>
        <testcase name="filesystem::repo::aggregate::tests::resolve_scope_monorepo_inside_package" classname="sniff" timestamp="2026-09-08T17:10:04.838-07:00" time="0.058">
        </testcase>
        <testcase name="filesystem::repo::aggregate::tests::resolve_scope_overrides_valid_package" classname="sniff" timestamp="2026-09-08T17:10:04.858-07:00" time="0.043">
        </testcase>
        <testcase name="filesystem::planner_counter_propagation::git_stage_counters_survive_the_scoped_thread" classname="sniff" timestamp="2026-09-08T17:10:04.795-07:00" time="0.108">
        </testcase>
        <testcase name="filesystem::repo::aggregate::tests::resolve_scope_overrides_all_returns_repo_scope" classname="sniff" timestamp="2026-09-08T17:10:04.846-07:00" time="0.057">
        </testcase>
        <testcase name="filesystem::repo::aggregate::tests::resolve_scope_overrides_unknown_package_area_errors" classname="sniff" timestamp="2026-09-08T17:10:04.856-07:00" time="0.047">
        </testcase>
        <testcase name="filesystem::repo::aggregate::tests::test_runner_shared_root_config_collapses_to_one_entry_naming_all_packages" classname="sniff" timestamp="2026-09-08T17:10:04.866-07:00" time="0.046">
        </testcase>
        <testcase name="filesystem::repo::aggregate::tests::singular_scope_returns_one_value" classname="sniff" timestamp="2026-09-08T17:10:04.863-07:00" time="0.058">
        </testcase>
        <testcase name="filesystem::repo::aggregate_view::tests::clean_tree_without_file_changes_is_a_valid_precondition" classname="sniff" timestamp="2026-09-08T17:10:04.888-07:00" time="0.036">
        </testcase>
        <testcase name="filesystem::repo::aggregate_view::tests::dirty_status_without_file_changes_is_rejected_not_projected_empty" classname="sniff" timestamp="2026-09-08T17:10:04.903-07:00" time="0.025">
        </testcase>
        <testcase name="filesystem::repo::aggregate_view::tests::detected_versions_collapse_only_when_uniform" classname="sniff" timestamp="2026-09-08T17:10:04.903-07:00" time="0.027">
        </testcase>
        <testcase name="filesystem::repo::aggregate_view::tests::dirty_status_with_file_changes_passes" classname="sniff" timestamp="2026-09-08T17:10:04.903-07:00" time="0.028">
        </testcase>
        <testcase name="filesystem::repo::aggregate_view::tests::missing_detected_versions_do_not_create_an_aggregate_version" classname="sniff" timestamp="2026-09-08T17:10:04.913-07:00" time="0.032">
        </testcase>
        <testcase name="filesystem::repo::aggregate_view::tests::scope_paths_dedups_first_wins_preserving_order" classname="sniff" timestamp="2026-09-08T17:10:04.922-07:00" time="0.025">
        </testcase>
        <testcase name="filesystem::repo::aggregate_view::tests::scope_predicate_matches_the_c1_truth_table" classname="sniff" timestamp="2026-09-08T17:10:04.924-07:00" time="0.025">
        </testcase>
        <testcase name="filesystem::repo::aggregate::tests::test_runner_distinct_usages_stay_separate_entries" classname="sniff" timestamp="2026-09-08T17:10:04.865-07:00" time="0.085">
        </testcase>
        <testcase name="filesystem::repo::aggregate::tests::resolve_scope_overrides_unknown_package_errors" classname="sniff" timestamp="2026-09-08T17:10:04.857-07:00" time="0.094">
        </testcase>
        <testcase name="filesystem::repo::area::tests::area_error_displays_not_in_repo" classname="sniff" timestamp="2026-09-08T17:10:04.951-07:00" time="0.030">
        </testcase>
        <testcase name="filesystem::repo::aggregate_view::tests::cwd_context::area_fact_stays_empty_outside_a_monorepo" classname="sniff" timestamp="2026-09-08T17:10:04.895-07:00" time="0.120">
        </testcase>
        <testcase name="filesystem::repo::area::tests::area_error_displays_not_monorepo" classname="sniff" timestamp="2026-09-08T17:10:04.981-07:00" time="0.052">
        </testcase>
        <testcase name="filesystem::repo::area::tests::area_error_wraps_io_via_from" classname="sniff" timestamp="2026-09-08T17:10:05.015-07:00" time="0.034">
        </testcase>
        <testcase name="filesystem::repo::area::tests::detect_area_errors_when_not_in_repo" classname="sniff" timestamp="2026-09-08T17:10:05.033-07:00" time="0.046">
        </testcase>
        <testcase name="filesystem::repo::aggregate_view::tests::work_counts::collected_aggregate_records_both_detection_stages" classname="sniff" timestamp="2026-09-08T17:10:04.928-07:00" time="0.165">
        </testcase>
        <testcase name="filesystem::repo::detection::observation_index::cargo_lock_is_shared_by_provenance_and_dependency_enrichment" classname="sniff" timestamp="2026-09-08T17:10:05.079-07:00" time="0.078">
        </testcase>
        <testcase name="filesystem::repo::detection::observation_index::absent_root_scoped_test_runner_config_is_cached_for_the_detection" classname="sniff" timestamp="2026-09-08T17:10:05.049-07:00" time="0.115">
        </testcase>
        <testcase name="filesystem::repo::aggregate_view::tests::work_counts::opaque_result_projection_adds_no_status_walk_or_discovery" classname="sniff" timestamp="2026-09-08T17:10:04.944-07:00" time="0.224">
        </testcase>
        <testcase name="filesystem::repo::aggregate_view::tests::work_counts::projection_reproduces_every_scope_from_detected_changes" classname="sniff" timestamp="2026-09-08T17:10:04.946-07:00" time="0.252">
        </testcase>
        <testcase name="filesystem::repo::aggregate_view::tests::work_counts::uncollected_aggregate_reads_no_clock_and_records_no_stage" classname="sniff" timestamp="2026-09-08T17:10:04.950-07:00" time="0.274">
        </testcase>
        <testcase name="filesystem::repo::aggregate_view::tests::cwd_context::context_facts_default_without_repo_detection" classname="sniff" timestamp="2026-09-08T17:10:04.896-07:00" time="0.328">
        </testcase>
        <testcase name="filesystem::repo::detection::observation_index::every_unique_boundary_is_enriched_exactly_once" classname="sniff" timestamp="2026-09-08T17:10:05.093-07:00" time="0.136">
        </testcase>
        <testcase name="filesystem::repo::aggregate_view::tests::work_counts::request_below_full_is_rejected_rather_than_projected_empty" classname="sniff" timestamp="2026-09-08T17:10:04.949-07:00" time="0.288">
        </testcase>
        <testcase name="filesystem::repo::aggregate_view::tests::work_counts::detection_git_stage_walks_status_once" classname="sniff" timestamp="2026-09-08T17:10:04.931-07:00" time="0.318">
        </testcase>
        <testcase name="filesystem::repo::aggregate_view::tests::work_counts::linked_worktree_aggregate_walks_status_and_discovers_once" classname="sniff" timestamp="2026-09-08T17:10:04.931-07:00" time="0.319">
        </testcase>
        <testcase name="filesystem::repo::aggregate_view::tests::cwd_context::observation_resolves_context_facts_for_the_invoking_directory" classname="sniff" timestamp="2026-09-08T17:10:04.895-07:00" time="0.356">
        </testcase>
        <testcase name="filesystem::repo::aggregate_view::tests::cwd_context::area_changes_attribute_to_the_owning_area" classname="sniff" timestamp="2026-09-08T17:10:04.895-07:00" time="0.357">
        </testcase>
        <testcase name="filesystem::repo::aggregate_view::tests::cwd_context::root_area_excludes_paths_under_named_areas" classname="sniff" timestamp="2026-09-08T17:10:04.901-07:00" time="0.352">
        </testcase>
        <testcase name="filesystem::repo::detection::observation_index::inherited_cargo_root_manifest_is_parsed_once_per_detection" classname="sniff" timestamp="2026-09-08T17:10:05.168-07:00" time="0.091">
        </testcase>
        <testcase name="filesystem::repo::aggregate_view::tests::cwd_context::documentation_changes_are_not_source_changes" classname="sniff" timestamp="2026-09-08T17:10:04.896-07:00" time="0.363">
        </testcase>
        <testcase name="filesystem::repo::aggregate_view::tests::cwd_context::root_area_counts_paths_outside_named_areas" classname="sniff" timestamp="2026-09-08T17:10:04.896-07:00" time="0.369">
        </testcase>
        <testcase name="filesystem::repo::aggregate_view::tests::cwd_context::area_membership_compares_whole_path_components" classname="sniff" timestamp="2026-09-08T17:10:04.895-07:00" time="0.374">
        </testcase>
        <testcase name="filesystem::repo::detection::observation_index::malformed_pnpm_root_is_opened_and_parsed_once_across_detectors" classname="sniff" timestamp="2026-09-08T17:10:05.224-07:00" time="0.047">
        </testcase>
        <testcase name="filesystem::repo::detection::observation_index::malformed_uv_root_is_opened_and_parsed_once" classname="sniff" timestamp="2026-09-08T17:10:05.230-07:00" time="0.043">
        </testcase>
        <testcase name="filesystem::repo::detection::observation_index::malformed_npm_root_is_opened_and_parsed_once_across_detectors" classname="sniff" timestamp="2026-09-08T17:10:05.224-07:00" time="0.049">
        </testcase>
        <testcase name="filesystem::repo::detection::observation_index::gitignored_markers_are_absent_from_observed_evidence" classname="sniff" timestamp="2026-09-08T17:10:05.164-07:00" time="0.113">
        </testcase>
        <testcase name="filesystem::repo::detection::observation_index::markerless_root_is_not_observed" classname="sniff" timestamp="2026-09-08T17:10:05.249-07:00" time="0.032">
        </testcase>
        <testcase name="filesystem::repo::detection::observation_index::nested_cargo_inheritance_uses_each_seed_owner_root" classname="sniff" timestamp="2026-09-08T17:10:05.251-07:00" time="0.040">
        </testcase>
[...]
        </testcase>
        <testcase name="remote::url_parser::tests::forgejo_self_hosted" classname="sniff" timestamp="2026-09-08T17:10:08.081-07:00" time="0.043">
        </testcase>
        <testcase name="remote::url_parser::tests::github_ssh_scp_style" classname="sniff" timestamp="2026-09-08T17:10:08.105-07:00" time="0.022">
        </testcase>
        <testcase name="remote::url_parser::tests::github_ssh_scp_style_no_git_suffix" classname="sniff" timestamp="2026-09-08T17:10:08.110-07:00" time="0.029">
        </testcase>
        <testcase name="remote::url_parser::tests::gitlab_https_nested_groups" classname="sniff" timestamp="2026-09-08T17:10:08.115-07:00" time="0.025">
        </testcase>
        <testcase name="remote::url_parser::tests::gitlab_self_hosted" classname="sniff" timestamp="2026-09-08T17:10:08.115-07:00" time="0.028">
        </testcase>
        <testcase name="remote::url_parser::tests::preserves_repo_with_git_in_name" classname="sniff" timestamp="2026-09-08T17:10:08.123-07:00" time="0.020">
        </testcase>
        <testcase name="remote::url_parser::tests::gitlab_https_deeply_nested_groups" classname="sniff" timestamp="2026-09-08T17:10:08.115-07:00" time="0.029">
        </testcase>
        <testcase name="remote::url_parser::tests::gitlab_ssh_nested_groups" classname="sniff" timestamp="2026-09-08T17:10:08.116-07:00" time="0.028">
        </testcase>
        <testcase name="remote::url_parser::tests::gitlab_ssh_scp_style" classname="sniff" timestamp="2026-09-08T17:10:08.117-07:00" time="0.027">
        </testcase>
        <testcase name="remote::url_parser::tests::gitlab_https_basic" classname="sniff" timestamp="2026-09-08T17:10:08.114-07:00" time="0.031">
        </testcase>
        <testcase name="remote::url_parser::tests::handles_www_prefix" classname="sniff" timestamp="2026-09-08T17:10:08.120-07:00" time="0.025">
        </testcase>
        <testcase name="remote::url_parser::tests::preserves_owner_case" classname="sniff" timestamp="2026-09-08T17:10:08.121-07:00" time="0.027">
        </testcase>
        <testcase name="remote::url_parser::tests::strips_git_suffix_https" classname="sniff" timestamp="2026-09-08T17:10:08.124-07:00" time="0.025">
        </testcase>
        <testcase name="remote::url_parser::tests::strips_git_suffix_ssh" classname="sniff" timestamp="2026-09-08T17:10:08.127-07:00" time="0.023">
        </testcase>
        <testcase name="remote::url_parser::tests::unknown_host_defaults_to_gitea" classname="sniff" timestamp="2026-09-08T17:10:08.139-07:00" time="0.023">
        </testcase>
        <testcase name="remote::web_link::tests::a_remote_without_a_host_publishes_no_links" classname="sniff" timestamp="2026-09-08T17:10:08.139-07:00" time="0.024">
        </testcase>
        <testcase name="remote::web_link::tests::same_site_http_links_survive_normalized" classname="sniff" timestamp="2026-09-08T17:10:08.144-07:00" time="0.020">
        </testcase>
        <testcase name="remote::web_link::tests::non_http_schemes_are_dropped" classname="sniff" timestamp="2026-09-08T17:10:08.143-07:00" time="0.022">
        </testcase>
        <testcase name="remote::web_link::tests::credentialed_urls_are_dropped" classname="sniff" timestamp="2026-09-08T17:10:08.143-07:00" time="0.023">
        </testcase>
        <testcase name="remote::web_link::tests::whitespace_and_control_characters_are_normalized_away" classname="sniff" timestamp="2026-09-08T17:10:08.144-07:00" time="0.023">
        </testcase>
        <testcase name="request::tests::detection_plan_defaults_to_all_domains" classname="sniff" timestamp="2026-09-08T17:10:08.145-07:00" time="0.023">
        </testcase>
        <testcase name="request::tests::default_plan_makes_no_ntp_request" classname="sniff" timestamp="2026-09-08T17:10:08.145-07:00" time="0.024">
        </testcase>
        <testcase name="request::tests::explicit_full_os_request_retains_ntp" classname="sniff" timestamp="2026-09-08T17:10:08.150-07:00" time="0.020">
        </testcase>
        <testcase name="request::tests::detection_plan_serialization_roundtrip" classname="sniff" timestamp="2026-09-08T17:10:08.149-07:00" time="0.022">
        </testcase>
        <testcase name="remote::web_link::tests::cross_site_and_look_alike_hosts_are_dropped" classname="sniff" timestamp="2026-09-08T17:10:08.143-07:00" time="0.028">
        </testcase>
        <testcase name="request::tests::detection_plan_skip_sections" classname="sniff" timestamp="2026-09-08T17:10:08.149-07:00" time="0.029">
        </testcase>
        <testcase name="request::tests::focused_metadata_controls_round_trip" classname="sniff" timestamp="2026-09-08T17:10:08.164-07:00" time="0.021">
        </testcase>
        <testcase name="request::tests::filesystem_request_composition" classname="sniff" timestamp="2026-09-08T17:10:08.162-07:00" time="0.023">
        </testcase>
        <testcase name="request::tests::focused_commit_request_wants_nothing_else" classname="sniff" timestamp="2026-09-08T17:10:08.164-07:00" time="0.022">
        </testcase>
        <testcase name="request::tests::focused_repo_details_narrow_package_enrichment" classname="sniff" timestamp="2026-09-08T17:10:08.165-07:00" time="0.023">
        </testcase>
        <testcase name="request::tests::git_request_detail_levels" classname="sniff" timestamp="2026-09-08T17:10:08.166-07:00" time="0.023">
        </testcase>
        <testcase name="request::tests::git_request_is_minimal_flags" classname="sniff" timestamp="2026-09-08T17:10:08.169-07:00" time="0.021">
        </testcase>
        <testcase name="request::tests::git_request_wants_repo_metadata_flags" classname="sniff" timestamp="2026-09-08T17:10:08.170-07:00" time="0.022">
        </testcase>
        <testcase name="request::tests::git_request_identity_deserializes_from_old_payload" classname="sniff" timestamp="2026-09-08T17:10:08.167-07:00" time="0.027">
        </testcase>
        <testcase name="request::tests::hardware_request_detail_levels" classname="sniff" timestamp="2026-09-08T17:10:08.171-07:00" time="0.025">
        </testcase>
        <testcase name="request::tests::legacy_repo_request_json_omits_and_defaults_focused_details" classname="sniff" timestamp="2026-09-08T17:10:08.179-07:00" time="0.023">
        </testcase>
        <testcase name="request::tests::git_request_identity_preset" classname="sniff" timestamp="2026-09-08T17:10:08.169-07:00" time="0.035">
        </testcase>
        <testcase name="request::tests::hardware_request_serialization_roundtrip" classname="sniff" timestamp="2026-09-08T17:10:08.171-07:00" time="0.034">
        </testcase>
        <testcase name="request::tests::os_request_summary_vs_full" classname="sniff" timestamp="2026-09-08T17:10:08.189-07:00" time="0.021">
        </testcase>
        <testcase name="request::tests::legacy_request_json_without_metadata_derives_legacy_behavior" classname="sniff" timestamp="2026-09-08T17:10:08.185-07:00" time="0.025">
        </testcase>
        <testcase name="request::tests::preset_json_omits_the_metadata_field" classname="sniff" timestamp="2026-09-08T17:10:08.190-07:00" time="0.021">
        </testcase>
        <testcase name="request::tests::metadata_controls_cannot_widen_past_coarse_fields" classname="sniff" timestamp="2026-09-08T17:10:08.185-07:00" time="0.028">
        </testcase>
        <testcase name="request::tests::repo_request_structure_vs_full" classname="sniff" timestamp="2026-09-08T17:10:08.192-07:00" time="0.022">
        </testcase>
        <testcase name="request::tests::zero_scan_limit_is_rejected_in_favor_of_the_default" classname="sniff" timestamp="2026-09-08T17:10:08.195-07:00" time="0.019">
        </testcase>
        <testcase name="request::tests::metadata_wire_contract_contains_only_approved_controls" classname="sniff" timestamp="2026-09-08T17:10:08.186-07:00" time="0.030">
        </testcase>
        <testcase name="request::tests::network_request_interfaces_only" classname="sniff" timestamp="2026-09-08T17:10:08.189-07:00" time="0.027">
        </testcase>
        <testcase name="services::runit::tests::ignores_unparseable_lines" classname="sniff" timestamp="2026-09-08T17:10:08.205-07:00" time="0.023">
        </testcase>
        <testcase name="services::benchmark::tests::large_service_workloads_preserve_cardinality_and_chunk_bounds" classname="sniff" timestamp="2026-09-08T17:10:08.196-07:00" time="0.034">
        </testcase>
        <testcase name="services::runit::tests::a_run_line_without_a_pid_is_still_running" classname="sniff" timestamp="2026-09-08T17:10:08.203-07:00" time="0.027">
        </testcase>
        <testcase name="services::runit::tests::parses_a_batched_status_response" classname="sniff" timestamp="2026-09-08T17:10:08.210-07:00" time="0.025">
        </testcase>
        <testcase name="services::runit::tests::takes_the_basename_of_a_path_style_name" classname="sniff" timestamp="2026-09-08T17:10:08.211-07:00" time="0.025">
        </testcase>
        <testcase name="services::systemd::tests::does_not_pair_across_a_block_boundary" classname="sniff" timestamp="2026-09-08T17:10:08.213-07:00" time="0.023">
        </testcase>
        <testcase name="services::systemd::tests::drops_units_reporting_pid_zero" classname="sniff" timestamp="2026-09-08T17:10:08.214-07:00" time="0.024">
        </testcase>
        <testcase name="programs::install::interview::runner_tests::remote_bash_preapproved_skips_consent" classname="sniff" timestamp="2026-09-08T17:10:07.551-07:00" time="0.688">
        </testcase>
        <testcase name="services::systemd::tests::parses_a_multi_unit_show_block" classname="sniff" timestamp="2026-09-08T17:10:08.216-07:00" time="0.024">
        </testcase>
        <testcase name="services::systemd::tests::pairs_properties_regardless_of_order" classname="sniff" timestamp="2026-09-08T17:10:08.215-07:00" time="0.026">
        </testcase>
        <testcase name="services::launchd::tests::test_launchd_services_returns_services" classname="sniff" timestamp="2026-09-08T17:10:08.202-07:00" time="0.046">
        </testcase>
        <testcase name="services::tests::test_detect_init_macos" classname="sniff" timestamp="2026-09-08T17:10:08.230-07:00" time="0.029">
        </testcase>
        <testcase name="services::systemd::tests::a_failed_primary_listing_returns_empty_and_enriches_nothing" classname="sniff" timestamp="2026-09-08T17:10:08.211-07:00" time="0.048">
        </testcase>
        <testcase name="services::tests::test_detect_init_other" classname="sniff" timestamp="2026-09-08T17:10:08.230-07:00" time="0.029">
        </testcase>
        <testcase name="services::tests::test_detect_init_returns_valid_system" classname="sniff" timestamp="2026-09-08T17:10:08.235-07:00" time="0.024">
        </testcase>
        <testcase name="services::tests::test_detect_init_windows" classname="sniff" timestamp="2026-09-08T17:10:08.236-07:00" time="0.024">
        </testcase>
        <testcase name="services::tests::test_host_os_detection" classname="sniff" timestamp="2026-09-08T17:10:08.238-07:00" time="0.023">
        </testcase>
        <testcase name="services::systemd::tests::a_small_service_count_needs_a_single_enrichment_call" classname="sniff" timestamp="2026-09-08T17:10:08.213-07:00" time="0.052">
        </testcase>
        <testcase name="services::tests::test_init_system_display" classname="sniff" timestamp="2026-09-08T17:10:08.241-07:00" time="0.025">
        </testcase>
        <testcase name="services::tests::test_service_manager_default" classname="sniff" timestamp="2026-09-08T17:10:08.249-07:00" time="0.021">
        </testcase>
        <testcase name="services::tests::test_service_struct" classname="sniff" timestamp="2026-09-08T17:10:08.259-07:00" time="0.023">
        </testcase>
        <testcase name="services::tests::test_service_manager_detect" classname="sniff" timestamp="2026-09-08T17:10:08.259-07:00" time="0.023">
        </testcase>
        <testcase name="services::tests::test_service_manager_on_current_platform" classname="sniff" timestamp="2026-09-08T17:10:08.259-07:00" time="0.023">
        </testcase>
        <testcase name="services::tests::test_service_state_matches" classname="sniff" timestamp="2026-09-08T17:10:08.259-07:00" time="0.024">
        </testcase>
        <testcase name="services::windows_scm::tests::test_classify_scm_state_continue_pending" classname="sniff" timestamp="2026-09-08T17:10:08.266-07:00" time="0.021">
        </testcase>
        <testcase name="services::tests::test_detect_services_function" classname="sniff" timestamp="2026-09-08T17:10:08.236-07:00" time="0.056">
        </testcase>
        <testcase name="services::tests::test_host_services_detailed_function" classname="sniff" timestamp="2026-09-08T17:10:08.239-07:00" time="0.054">
        </testcase>
        <testcase name="services::tests::test_host_services_function" classname="sniff" timestamp="2026-09-08T17:10:08.240-07:00" time="0.054">
        </testcase>
        <testcase name="services::windows_scm::tests::test_classify_scm_state_pause_pending" classname="sniff" timestamp="2026-09-08T17:10:08.270-07:00" time="0.025">
        </testcase>
        <testcase name="services::windows_scm::tests::test_classify_scm_state_paused" classname="sniff" timestamp="2026-09-08T17:10:08.282-07:00" time="0.020">
        </testcase>
        <testcase name="services::tests::test_services_detailed_does_not_panic" classname="sniff" timestamp="2026-09-08T17:10:08.260-07:00" time="0.043">
        </testcase>
        <testcase name="services::windows_scm::tests::test_classify_scm_state_start_pending" classname="sniff" timestamp="2026-09-08T17:10:08.283-07:00" time="0.022">
        </testcase>
        <testcase name="services::windows_scm::tests::test_classify_scm_state_running" classname="sniff" timestamp="2026-09-08T17:10:08.282-07:00" time="0.024">
        </testcase>
        <testcase name="services::windows_scm::tests::test_classify_scm_state_stop_pending" classname="sniff" timestamp="2026-09-08T17:10:08.283-07:00" time="0.026">
        </testcase>
        <testcase name="services::windows_scm::tests::test_classify_scm_state_stopped" classname="sniff" timestamp="2026-09-08T17:10:08.287-07:00" time="0.023">
        </testcase>
        <testcase name="services::windows_scm::tests::test_service_from_raw_status_pending_states_not_running" classname="sniff" timestamp="2026-09-08T17:10:08.294-07:00" time="0.023">
        </testcase>
        <testcase name="services::windows_scm::tests::test_list_windows_scm_services_stub_returns_empty" classname="sniff" timestamp="2026-09-08T17:10:08.292-07:00" time="0.025">
        </testcase>
        <testcase name="services::windows_scm::tests::test_service_from_raw_status_running_zero_pid" classname="sniff" timestamp="2026-09-08T17:10:08.295-07:00" time="0.023">
        </testcase>
        <testcase name="services::tests::test_services_info_serialization" classname="sniff" timestamp="2026-09-08T17:10:08.265-07:00" time="0.053">
        </testcase>
        <testcase name="services::systemd::tests::pid_enrichment_costs_one_subprocess_per_chunk_not_per_service" classname="sniff" timestamp="2026-09-08T17:10:08.228-07:00" time="0.090">
        </testcase>
        <testcase name="services::windows_scm::tests::test_service_from_raw_status_running" classname="sniff" timestamp="2026-09-08T17:10:08.294-07:00" time="0.025">
        </testcase>
        <testcase name="services::windows_scm::tests::test_service_from_raw_status_start_pending" classname="sniff" timestamp="2026-09-08T17:10:08.303-07:00" time="0.028">
        </testcase>
        <testcase name="services::windows_scm::tests::test_service_from_raw_status_stopped" classname="sniff" timestamp="2026-09-08T17:10:08.303-07:00" time="0.029">
        </testcase>
        <testcase name="services::windows_scm::tests::test_service_state_filter_all" classname="sniff" timestamp="2026-09-08T17:10:08.304-07:00" time="0.029">
        </testcase>
        <testcase name="services::windows_scm::tests::test_service_state_filter_running" classname="sniff" timestamp="2026-09-08T17:10:08.306-07:00" time="0.029">
        </testcase>
        <testcase name="test_helpers::fixture_tests::make_executable_fixture_creates_a_resolvable_file" classname="sniff" timestamp="2026-09-08T17:10:08.311-07:00" time="0.027">
        </testcase>
        <testcase name="services::windows_scm::tests::test_service_state_filter_stopped" classname="sniff" timestamp="2026-09-08T17:10:08.309-07:00" time="0.029">
        </testcase>
        <testcase name="test_helpers::fixture_tests::prepend_to_path_round_trips_through_split_paths" classname="sniff" timestamp="2026-09-08T17:10:08.318-07:00" time="0.027">
        </testcase>
        <testcase name="test_helpers::fixture_tests::prepend_to_path_preserves_existing_entries" classname="sniff" timestamp="2026-09-08T17:10:08.318-07:00" time="0.027">
        </testcase>
        <testcase name="tests::test_config_builder_pattern" classname="sniff" timestamp="2026-09-08T17:10:08.318-07:00" time="0.028">
        </testcase>
        <testcase name="tests::test_detect_with_base_dir" classname="sniff" timestamp="2026-09-08T17:10:08.320-07:00" time="0.032">
        </testcase>
        <testcase name="tests::test_multiple_skip_flags_including_os" classname="sniff" timestamp="2026-09-08T17:10:08.333-07:00" time="0.035">
        </testcase>
        <testcase name="test_helpers::fixture_tests::make_executable_fixture_creates_missing_parent_dirs" classname="sniff" timestamp="2026-09-08T17:10:08.317-07:00" time="0.054">
        </testcase>
        <testcase name="tests::test_detect_with_plan_skips_sections" classname="sniff" timestamp="2026-09-08T17:10:08.333-07:00" time="0.040">
        </testcase>
        <testcase name="tests::test_detect_with_plan_reuses_filesystem_observation" classname="sniff" timestamp="2026-09-08T17:10:08.331-07:00" time="0.045">
        </testcase>
        <testcase name="tests::test_sniff_config_to_detection_plan" classname="sniff" timestamp="2026-09-08T17:10:08.352-07:00" time="0.025">
        </testcase>
        <testcase name="tests::test_skip_os_with_filesystem_only" classname="sniff" timestamp="2026-09-08T17:10:08.346-07:00" time="0.033">
        </testcase>
        <testcase name="services::tests::test_services_does_not_panic" classname="sniff" timestamp="2026-09-08T17:10:08.261-07:00" time="0.119">
        </testcase>
        <testcase name="tests::test_skip_filesystem_returns_none" classname="sniff" timestamp="2026-09-08T17:10:08.338-07:00" time="0.102">
        </testcase>
        <testcase name="tests::test_skip_hardware_returns_none" classname="sniff" timestamp="2026-09-08T17:10:08.339-07:00" time="0.105">
        </testcase>
        <testcase name="tests::test_skip_network_returns_none" classname="sniff" timestamp="2026-09-08T17:10:08.345-07:00" time="0.109">
        </testcase>
        <testcase name="filesystem::system_view::tests::combined_walk_keeps_going_past_saturation_for_its_other_observers" classname="sniff" timestamp="2026-09-08T17:10:05.588-07:00" time="2.959">
        </testcase>
        <testcase name="filesystem::system_view::tests::inventory_only_walk_stops_at_the_cap_and_reports_truncation" classname="sniff" timestamp="2026-09-08T17:10:05.592-07:00" time="3.013">
        </testcase>
        <testcase name="tests::test_skip_os_returns_none" classname="sniff" timestamp="2026-09-08T17:10:08.345-07:00" time="0.856">
        </testcase>
        <testcase name="tests::test_os_present_by_default" classname="sniff" timestamp="2026-09-08T17:10:08.335-07:00" time="0.887">
        </testcase>
        <testcase name="tests::test_detect_returns_result" classname="sniff" timestamp="2026-09-08T17:10:08.319-07:00" time="0.907">
        </testcase>
        <testcase name="process::tests::a_session_detached_descendant_cannot_block_pipe_cleanup" classname="sniff" timestamp="2026-09-08T17:10:06.942-07:00" time="3.042">
        </testcase>
    </testsuite>
</testsuites>
